#
# A fatal error has been detected by the Java Runtime Environment:
#
#  SIGSEGV (0xb) at pc=0x00007fee04e1d900, pid=26210, tid=26211
#
# JRE version: OpenJDK Runtime Environment (11.0.6+10) (build 11.0.6+10-post-Debian-1deb10u1)
# Java VM: OpenJDK 64-Bit Server VM (11.0.6+10-post-Debian-1deb10u1, mixed mode, sharing, tiered, compressed oops, serial gc, linux-amd64)
# Problematic frame:
# V  [libjvm.so+0x51c900]
#
# Core dump will be written. Default location: core.26210 (may not exist)
#
# If you would like to submit a bug report, please visit:
#   https://bugs.debian.org/openjdk-11
#

---------------  S U M M A R Y ------------

Command Line: -agentlib:jdwp=transport=dt_socket,address=localhost:58211 jdk.jshell.execution.RemoteExecutionControl 34083

Host: Intel(R) Core(TM)2 Duo CPU     E6550  @ 2.33GHz, 1 cores, 3G, Debian GNU/Linux 10 (buster)
Time: Thu Aug 13 14:14:35 2020 UTC elapsed time: 511 seconds (0d 0h 8m 31s)

---------------  T H R E A D  ---------------

Current thread (0x00007fee00012800):  JavaThread "main" [_thread_in_vm, id=26211, stack(0x00007fee044df000,0x00007fee045e0000)]

Stack: [0x00007fee044df000,0x00007fee045e0000],  sp=0x00007fee045dddc8,  free space=1019k
Native frames: (J=compiled Java code, A=aot compiled Java code, j=interpreted, Vv=VM code, C=native code)
V  [libjvm.so+0x51c900]
C  [libKernelWrapper.so+0x12fb]  Java_cTools_KernelWrapper_execv+0xd1
j  cTools.KernelWrapper.execv(Ljava/lang/String;[Ljava/lang/String;)I+0
j  REPL.$JShell$29.do_it$()Ljava/lang/Object;+20
v  ~StubRoutines::call_stub
V  [libjvm.so+0x7f8991]
V  [libjvm.so+0xbcb494]
V  [libjvm.so+0xbcbd64]
V  [libjvm.so+0x89ec47]  JVM_InvokeMethod+0xf7
j  jdk.internal.reflect.NativeMethodAccessorImpl.invoke0(Ljava/lang/reflect/Method;Ljava/lang/Object;[Ljava/lang/Object;)Ljava/lang/Object;+0 java.base@11.0.6
j  jdk.internal.reflect.NativeMethodAccessorImpl.invoke(Ljava/lang/Object;[Ljava/lang/Object;)Ljava/lang/Object;+100 java.base@11.0.6
j  jdk.internal.reflect.DelegatingMethodAccessorImpl.invoke(Ljava/lang/Object;[Ljava/lang/Object;)Ljava/lang/Object;+6 java.base@11.0.6
j  java.lang.reflect.Method.invoke(Ljava/lang/Object;[Ljava/lang/Object;)Ljava/lang/Object;+59 java.base@11.0.6
j  jdk.jshell.execution.DirectExecutionControl.invoke(Ljava/lang/reflect/Method;)Ljava/lang/String;+6 jdk.jshell@11.0.6
j  jdk.jshell.execution.RemoteExecutionControl.invoke(Ljava/lang/reflect/Method;)Ljava/lang/String;+2 jdk.jshell@11.0.6
j  jdk.jshell.execution.DirectExecutionControl.invoke(Ljava/lang/String;Ljava/lang/String;)Ljava/lang/String;+47 jdk.jshell@11.0.6
j  jdk.jshell.execution.ExecutionControlForwarder.processCommand()Z+354 jdk.jshell@11.0.6
j  jdk.jshell.execution.ExecutionControlForwarder.commandLoop()V+1 jdk.jshell@11.0.6
j  jdk.jshell.execution.Util.forwardExecutionControl(Ljdk/jshell/spi/ExecutionControl;Ljava/io/ObjectInput;Ljava/io/ObjectOutput;)V+10 jdk.jshell@11.0.6
j  jdk.jshell.execution.Util.forwardExecutionControlAndIO(Ljdk/jshell/spi/ExecutionControl;Ljava/io/InputStream;Ljava/io/OutputStream;Ljava/util/Map;Ljava/util/Map;)V+262 jdk.jshell@11.0.6
j  jdk.jshell.execution.RemoteExecutionControl.main([Ljava/lang/String;)V+105 jdk.jshell@11.0.6
v  ~StubRoutines::call_stub
V  [libjvm.so+0x7f8991]
V  [libjvm.so+0x86d2cc]
V  [libjvm.so+0x86f588]
C  [libjli.so+0x548e]
C  [libjli.so+0x94bd]

Java frames: (J=compiled Java code, j=interpreted, Vv=VM code)
j  cTools.KernelWrapper.execv(Ljava/lang/String;[Ljava/lang/String;)I+0
j  REPL.$JShell$29.do_it$()Ljava/lang/Object;+20
v  ~StubRoutines::call_stub
j  jdk.internal.reflect.NativeMethodAccessorImpl.invoke0(Ljava/lang/reflect/Method;Ljava/lang/Object;[Ljava/lang/Object;)Ljava/lang/Object;+0 java.base@11.0.6
j  jdk.internal.reflect.NativeMethodAccessorImpl.invoke(Ljava/lang/Object;[Ljava/lang/Object;)Ljava/lang/Object;+100 java.base@11.0.6
j  jdk.internal.reflect.DelegatingMethodAccessorImpl.invoke(Ljava/lang/Object;[Ljava/lang/Object;)Ljava/lang/Object;+6 java.base@11.0.6
j  java.lang.reflect.Method.invoke(Ljava/lang/Object;[Ljava/lang/Object;)Ljava/lang/Object;+59 java.base@11.0.6
j  jdk.jshell.execution.DirectExecutionControl.invoke(Ljava/lang/reflect/Method;)Ljava/lang/String;+6 jdk.jshell@11.0.6
j  jdk.jshell.execution.RemoteExecutionControl.invoke(Ljava/lang/reflect/Method;)Ljava/lang/String;+2 jdk.jshell@11.0.6
j  jdk.jshell.execution.DirectExecutionControl.invoke(Ljava/lang/String;Ljava/lang/String;)Ljava/lang/String;+47 jdk.jshell@11.0.6
j  jdk.jshell.execution.ExecutionControlForwarder.processCommand()Z+354 jdk.jshell@11.0.6
j  jdk.jshell.execution.ExecutionControlForwarder.commandLoop()V+1 jdk.jshell@11.0.6
j  jdk.jshell.execution.Util.forwardExecutionControl(Ljdk/jshell/spi/ExecutionControl;Ljava/io/ObjectInput;Ljava/io/ObjectOutput;)V+10 jdk.jshell@11.0.6
j  jdk.jshell.execution.Util.forwardExecutionControlAndIO(Ljdk/jshell/spi/ExecutionControl;Ljava/io/InputStream;Ljava/io/OutputStream;Ljava/util/Map;Ljava/util/Map;)V+262 jdk.jshell@11.0.6
j  jdk.jshell.execution.RemoteExecutionControl.main([Ljava/lang/String;)V+105 jdk.jshell@11.0.6
v  ~StubRoutines::call_stub

siginfo: si_signo: 11 (SIGSEGV), si_code: 1 (SEGV_MAPERR), si_addr: 0x0000000000000000

Register to memory mapping:

RAX=0x0 is NULL
RBX=0x00007fee00012800 is a thread
RCX=0x0 is NULL
RDX=0x00007fee04d73ad0: <offset 0x0000000000472ad0> in /usr/lib/jvm/java-11-openjdk-amd64/lib/server/libjvm.so at 0x00007fee04901000
RSP=0x00007fee045dddc8 is pointing into the stack for thread: 0x00007fee00012800
RBP=0x00007fee045dde60 is pointing into the stack for thread: 0x00007fee00012800
RSI=0x0 is NULL
RDI=0x0 is NULL
R8 =0x00007fee000f1a81 points into unknown readable memory: 00 00 00 ee 7f 00 00
R9 =0x00007fee000f7910 points into unknown readable memory: 40 00 00 00 00 00 00 00
R10=0x00000000c3c479e9 points into unknown readable memory: 00 00 00 00 00 00 00
R11=0x0000000000000020 is an unknown value
R12=0x0 is NULL
R13=0x0 is NULL
R14=0x00007fee045ddf50 is pointing into the stack for thread: 0x00007fee00012800
R15=0x00007fee00012800 is a thread


Registers:
RAX=0x0000000000000000, RBX=0x00007fee00012800, RCX=0x0000000000000000, RDX=0x00007fee04d73ad0
RSP=0x00007fee045dddc8, RBP=0x00007fee045dde60, RSI=0x0000000000000000, RDI=0x0000000000000000
R8 =0x00007fee000f1a81, R9 =0x00007fee000f7910, R10=0x00000000c3c479e9, R11=0x0000000000000020
R12=0x0000000000000000, R13=0x0000000000000000, R14=0x00007fee045ddf50, R15=0x00007fee00012800
RIP=0x00007fee04e1d900, EFLAGS=0x0000000000010246, CSGSFS=0x002b000000000033, ERR=0x0000000000000004
  TRAPNO=0x000000000000000e

Top of Stack: (sp=0x00007fee045dddc8)
0x00007fee045dddc8:   00007fee051674e1 0000003000000003
0x00007fee045dddd8:   00007fee00012800 00007fee00012800
0x00007fee045ddde8:   0000000000000000 000000770000007c
0x00007fee045dddf8:   0000000000000000 0000000000000000 

Instructions: (pc=0x00007fee04e1d900)
0x00007fee04e1d800:   49 8b 87 08 01 00 00 a8 08 0f 84 14 ff ff ff 48
0x00007fee04e1d810:   8d 05 a6 a4 bd 00 8b 00 85 c0 75 74 49 8b 87 58
0x00007fee04e1d820:   04 00 00 48 85 c0 0f 84 f7 fe ff ff 41 80 bf 80
0x00007fee04e1d830:   04 00 00 00 0f 85 e9 fe ff ff 41 c6 87 80 04 00
0x00007fee04e1d840:   00 01 49 8d bf 58 04 00 00 4c 89 fe e8 bf 1a 27
0x00007fee04e1d850:   00 41 c6 87 80 04 00 00 00 e9 c5 fe ff ff 66 90
0x00007fee04e1d860:   4c 89 ff e8 98 a4 6c 00 e9 b6 fe ff ff 0f 1f 00
0x00007fee04e1d870:   4c 89 45 c8 4c 89 ff ff d0 4c 8b 45 c8 84 c0 0f
0x00007fee04e1d880:   84 ae fd ff ff e9 0a ff ff ff 66 0f 1f 44 00 00
0x00007fee04e1d890:   4c 89 ff e8 68 a4 6c 00 eb 82 66 0f 1f 44 00 00
0x00007fee04e1d8a0:   55 66 0f ef c0 48 89 e5 48 83 ec 30 48 8d 05 4d
0x00007fee04e1d8b0:   04 bc 00 0f 29 45 d0 80 b8 e1 1d 00 00 00 c6 45
0x00007fee04e1d8c0:   e0 00 74 29 48 8b 47 78 c6 45 e0 01 48 85 c0 74
0x00007fee04e1d8d0:   1f 8b 40 08 89 45 f0 48 89 75 e8 e8 e0 28 7b 00
0x00007fee04e1d8e0:   48 8d 7d d0 48 89 45 d0 e8 83 06 00 00 c9 c3 90
0x00007fee04e1d8f0:   31 c0 eb e0 66 2e 0f 1f 84 00 00 00 00 00 66 90
0x00007fee04e1d900:   48 8b 07 c3 66 2e 0f 1f 84 00 00 00 00 00 66 90
0x00007fee04e1d910:   48 8b 07 c3 66 2e 0f 1f 84 00 00 00 00 00 66 90
0x00007fee04e1d920:   48 8b 07 c3 66 2e 0f 1f 84 00 00 00 00 00 66 90
0x00007fee04e1d930:   48 8b 07 c3 66 2e 0f 1f 84 00 00 00 00 00 66 90
0x00007fee04e1d940:   48 8b 07 c3 66 2e 0f 1f 84 00 00 00 00 00 66 90
0x00007fee04e1d950:   48 8b 07 c3 66 2e 0f 1f 84 00 00 00 00 00 66 90
0x00007fee04e1d960:   48 8b 07 c3 66 2e 0f 1f 84 00 00 00 00 00 66 90
0x00007fee04e1d970:   48 8b 07 c3 66 2e 0f 1f 84 00 00 00 00 00 66 90
0x00007fee04e1d980:   48 8b 07 c3 66 2e 0f 1f 84 00 00 00 00 00 66 90
0x00007fee04e1d990:   48 8b 07 c3 66 2e 0f 1f 84 00 00 00 00 00 66 90
0x00007fee04e1d9a0:   55 48 89 e5 53 48 89 fb 48 83 ec 08 48 8d 05 5d
0x00007fee04e1d9b0:   21 bb 00 48 8b 00 8b 50 10 48 8d 05 2d e5 bb 00
0x00007fee04e1d9c0:   80 38 00 74 43 48 8d 05 44 ff ff ff 83 fa 02 74
0x00007fee04e1d9d0:   1e 0f 86 89 00 00 00 48 8d 05 42 ff ff ff 83 fa
0x00007fee04e1d9e0:   03 74 0c 48 8d 05 e6 03 00 00 83 fa 04 75 3f 48
0x00007fee04e1d9f0:   89 05 ea 66 b7 00 48 83 c4 08 48 89 df 5b 5d ff 


Stack slot to memory mapping:
stack at sp + 0 slots: 0x00007fee051674e1: <offset 0x00000000008664e1> in /usr/lib/jvm/java-11-openjdk-amd64/lib/server/libjvm.so at 0x00007fee04901000
stack at sp + 1 slots: 0x0000003000000003 is an unknown value
stack at sp + 2 slots: 0x00007fee00012800 is a thread
stack at sp + 3 slots: 0x00007fee00012800 is a thread
stack at sp + 4 slots: 0x0 is NULL
stack at sp + 5 slots: 0x000000770000007c is an unknown value
stack at sp + 6 slots: 0x0 is NULL
stack at sp + 7 slots: 0x0 is NULL


---------------  P R O C E S S  ---------------

Threads class SMR info:
_java_thread_list=0x00007fee001126c0, length=13, elements={
0x00007fee00012800, 0x00007fee0004e000, 0x00007fee00050000, 0x00007fee00057000,
0x00007fee00059000, 0x00007fee0005b000, 0x00007fee0005d000, 0x00007fee000a5000,
0x00007fee000a8000, 0x000055beddd77000, 0x00007fee000a9800, 0x00007fee000c8000,
0x00007fee00111000
}

Java Threads: ( => current thread )
=>0x00007fee00012800 JavaThread "main" [_thread_in_vm, id=26211, stack(0x00007fee044df000,0x00007fee045e0000)]
  0x00007fee0004e000 JavaThread "Reference Handler" daemon [_thread_blocked, id=26216, stack(0x00007fede7cc7000,0x00007fede7dc8000)]
  0x00007fee00050000 JavaThread "Finalizer" daemon [_thread_blocked, id=26217, stack(0x00007fede7bc6000,0x00007fede7cc7000)]
  0x00007fee00057000 JavaThread "Signal Dispatcher" daemon [_thread_blocked, id=26218, stack(0x00007fede778d000,0x00007fede788e000)]
  0x00007fee00059000 JavaThread "C2 CompilerThread0" daemon [_thread_blocked, id=26219, stack(0x00007fede768c000,0x00007fede778d000)]
  0x00007fee0005b000 JavaThread "C1 CompilerThread0" daemon [_thread_blocked, id=26220, stack(0x00007fede758b000,0x00007fede768c000)]
  0x00007fee0005d000 JavaThread "Sweeper thread" daemon [_thread_blocked, id=26221, stack(0x00007fede748a000,0x00007fede758b000)]
  0x00007fee000a5000 JavaThread "JDWP Transport Listener: dt_socket" daemon [_thread_blocked, id=26222, stack(0x00007fede732c000,0x00007fede742d000)]
  0x00007fee000a8000 JavaThread "JDWP Event Helper Thread" daemon [_thread_blocked, id=26223, stack(0x00007fede722b000,0x00007fede732c000)]
  0x000055beddd77000 JavaThread "JDWP Command Reader" daemon [_thread_in_native, id=26224, stack(0x00007fede712a000,0x00007fede722b000)]
  0x00007fee000a9800 JavaThread "Service Thread" daemon [_thread_blocked, id=26228, stack(0x00007fede7029000,0x00007fede712a000)]
  0x00007fee000c8000 JavaThread "Common-Cleaner" daemon [_thread_blocked, id=26230, stack(0x00007fede6dc9000,0x00007fede6eca000)]
  0x00007fee00111000 JavaThread "output reader" daemon [_thread_in_native, id=26232, stack(0x00007fede6cc8000,0x00007fede6dc9000)]

Other Threads:
  0x00007fee0004b000 VMThread "VM Thread" [stack: 0x00007fede7dca000,0x00007fede7eca000] [id=26215]
  0x00007fee000ac000 WatcherThread [stack: 0x00007fede6f29000,0x00007fede7029000] [id=26229]

Threads with active compile tasks:

VM state:not at safepoint (normal execution)

VM Mutex/Monitor currently owned by a thread: None

Heap address: 0x00000000c3c00000, size: 964 MB, Compressed Oops mode: 32-bit
Narrow klass base: 0x0000000800000000, Narrow klass shift: 3
Compressed class space size: 1073741824 Address: 0x0000000840000000

Heap:
 def new generation   total 19008K, used 3733K [0x00000000c3c00000, 0x00000000c50a0000, 0x00000000d7d50000)
  eden space 16896K,  22% used [0x00000000c3c00000, 0x00000000c3fa5788, 0x00000000c4c80000)
  from space 2112K,   0% used [0x00000000c4c80000, 0x00000000c4c80000, 0x00000000c4e90000)
  to   space 2112K,   0% used [0x00000000c4e90000, 0x00000000c4e90000, 0x00000000c50a0000)
 tenured generation   total 42368K, used 0K [0x00000000d7d50000, 0x00000000da6b0000, 0x0000000100000000)
   the space 42368K,   0% used [0x00000000d7d50000, 0x00000000d7d50000, 0x00000000d7d50200, 0x00000000da6b0000)
 Metaspace       used 1598K, capacity 5011K, committed 5248K, reserved 1056768K
  class space    used 174K, capacity 521K, committed 640K, reserved 1048576K

Card table byte_map: [0x00007fee04045000,0x00007fee04228000] _byte_map_base: 0x00007fee03a27000

Polling page: 0x00007fee05e3b000

Metaspace:

Usage:
  Non-class:      4,38 MB capacity,     1,39 MB ( 32%) used,     2,99 MB ( 68%) free+waste,     6,88 KB ( <1%) overhead. 
      Class:    521,00 KB capacity,   174,52 KB ( 33%) used,   342,29 KB ( 66%) free+waste,     4,19 KB ( <1%) overhead. 
       Both:      4,89 MB capacity,     1,56 MB ( 32%) used,     3,32 MB ( 68%) free+waste,    11,06 KB ( <1%) overhead. 

Virtual space:
  Non-class space:        8,00 MB reserved,       4,50 MB ( 56%) committed 
      Class space:        1,00 GB reserved,     640,00 KB ( <1%) committed 
             Both:        1,01 GB reserved,       5,12 MB ( <1%) committed 

Chunk freelists:
   Non-Class:  62,00 KB
       Class:  23,00 KB
        Both:  85,00 KB

MaxMetaspaceSize: unlimited
CompressedClassSpaceSize: 1,00 GB

CodeHeap 'non-profiled nmethods': size=120036Kb used=115Kb max_used=115Kb free=119920Kb
 bounds [0x00007fedf03d7000, 0x00007fedf0647000, 0x00007fedf7910000]
CodeHeap 'profiled nmethods': size=120032Kb used=642Kb max_used=642Kb free=119389Kb
 bounds [0x00007fede8e9f000, 0x00007fede910f000, 0x00007fedf03d7000]
CodeHeap 'non-nmethods': size=5692Kb used=1109Kb max_used=1122Kb free=4583Kb
 bounds [0x00007fede8910000, 0x00007fede8b80000, 0x00007fede8e9f000]
 total_blobs=834 nmethods=407 adapters=261
 compilation: enabled
              stopped_count=0, restarted_count=0
 full_count=0

Compilation events (20 events):
Event: 446,625 Thread 0x00007fee0005b000  398       3       java.nio.charset.Charset::lookup (44 bytes)
Event: 446,626 Thread 0x00007fee0005b000 nmethod 398 0x00007fede8f3bb90 code [0x00007fede8f3bda0, 0x00007fede8f3c268]
Event: 446,626 Thread 0x00007fee0005b000  400       3       java.lang.String::replace (42 bytes)
Event: 446,627 Thread 0x00007fee0005b000 nmethod 400 0x00007fede8f3c410 code [0x00007fede8f3c600, 0x00007fede8f3c9b8]
Event: 446,628 Thread 0x00007fee0005b000  399       3       java.lang.ThreadLocal::getMap (5 bytes)
Event: 446,628 Thread 0x00007fee0005b000 nmethod 399 0x00007fede8f3ca90 code [0x00007fede8f3cc40, 0x00007fede8f3cdb0]
Event: 446,628 Thread 0x00007fee0005b000  401       3       java.lang.Class::getPackageName (81 bytes)
Event: 446,629 Thread 0x00007fee0005b000 nmethod 401 0x00007fede8f3ce90 code [0x00007fede8f3d120, 0x00007fede8f3da88]
Event: 465,668 Thread 0x00007fee0005b000  402       3       java.lang.ThreadLocal::get (38 bytes)
Event: 465,668 Thread 0x00007fee0005b000 nmethod 402 0x00007fede8f3de10 code [0x00007fede8f3e000, 0x00007fede8f3e3b8]
Event: 465,670 Thread 0x00007fee0005b000  403       3       java.io.FilterInputStream::read (8 bytes)
Event: 465,670 Thread 0x00007fee0005b000 nmethod 403 0x00007fede8f3e590 code [0x00007fede8f3e760, 0x00007fede8f3e9a8]
Event: 465,670 Thread 0x00007fee0005b000  404       3       java.net.SocketInputStream::read (44 bytes)
Event: 465,671 Thread 0x00007fee0005b000 nmethod 404 0x00007fede8f3ea90 code [0x00007fede8f3ec60, 0x00007fede8f3f108]
Event: 465,671 Thread 0x00007fee0005b000  405       1       java.net.URL::getProtocol (5 bytes)
Event: 465,671 Thread 0x00007fee0005b000 nmethod 405 0x00007fedf03f3690 code [0x00007fedf03f3840, 0x00007fedf03f3970]
Event: 477,985 Thread 0x00007fee0005b000  406       1       java.net.URL::getHost (5 bytes)
Event: 477,985 Thread 0x00007fee0005b000 nmethod 406 0x00007fedf03f3a10 code [0x00007fedf03f3bc0, 0x00007fedf03f3cf0]
Event: 511,014 Thread 0x00007fee0005b000  407       3       java.io.ObjectInputStream$PeekInputStream::read (115 bytes)
Event: 511,015 Thread 0x00007fee0005b000 nmethod 407 0x00007fede8f3f290 code [0x00007fede8f3f480, 0x00007fede8f3f9f8]

GC Heap History (0 events):
No events

Deoptimization events (8 events):
Event: 0,294 Thread 0x00007fee00012800 Uncommon trap: trap_request=0xffffff4d fr.pc=0x00007fedf03db61c relative=0x000000000000017c
Event: 0,294 Thread 0x00007fee00012800 Uncommon trap: reason=unstable_if action=reinterpret pc=0x00007fedf03db61c method=java.lang.String.hashCode()I @ 14 c2
Event: 0,294 Thread 0x00007fee00012800 DEOPT PACKING pc=0x00007fedf03db61c sp=0x00007fee045dd290
Event: 0,294 Thread 0x00007fee00012800 DEOPT UNPACKING pc=0x00007fede8947b9f sp=0x00007fee045dd258 mode 2
Event: 0,499 Thread 0x00007fee00012800 Uncommon trap: trap_request=0xffffff4d fr.pc=0x00007fedf03e1f80 relative=0x00000000000000e0
Event: 0,499 Thread 0x00007fee00012800 Uncommon trap: reason=unstable_if action=reinterpret pc=0x00007fedf03e1f80 method=java.lang.String.isLatin1()Z @ 10 c2
Event: 0,499 Thread 0x00007fee00012800 DEOPT PACKING pc=0x00007fedf03e1f80 sp=0x00007fee045de420
Event: 0,499 Thread 0x00007fee00012800 DEOPT UNPACKING pc=0x00007fede8947b9f sp=0x00007fee045de390 mode 2

Classes redefined (0 events):
No events

Internal exceptions (4 events):
Event: 0,498 Thread 0x00007fee00012800 Exception <a 'java/security/PrivilegedActionException'{0x00000000c3da9210}> (0x00000000c3da9210) thrown at [/build/openjdk-11-11.0.6+10/src/hotspot/share/prims/jvm.cpp, line 1297]
Event: 0,498 Thread 0x00007fee00012800 Exception <a 'java/security/PrivilegedActionException'{0x00000000c3da9788}> (0x00000000c3da9788) thrown at [/build/openjdk-11-11.0.6+10/src/hotspot/share/prims/jvm.cpp, line 1297]
Event: 0,585 Thread 0x00007fee00012800 Exception <a 'java/lang/NoSuchMethodError'{0x00000000c3df7678}: 'java.lang.Object java.lang.invoke.DirectMethodHandle$Holder.invokeStatic(java.lang.Object, java.lang.Object, java.lang.Object, java.lang.Object, java.lang.Object, java.lang.Object, java.lang
Event: 0,602 Thread 0x00007fee00012800 Exception <a 'java/lang/NoSuchMethodError'{0x00000000c3e12c18}: 'java.lang.Object java.lang.invoke.DirectMethodHandle$Holder.invokeStatic(java.lang.Object, java.lang.Object, java.lang.Object, java.lang.Object, java.lang.Object, java.lang.Object, java.lang

Events (20 events):
Event: 82,673 loading class REPL/$JShell$18
Event: 82,673 loading class REPL/$JShell$18 done
Event: 85,238 loading class REPL/$JShell$19
Event: 85,238 loading class REPL/$JShell$19 done
Event: 92,040 loading class REPL/$JShell$20
Event: 92,040 loading class REPL/$JShell$20 done
Event: 95,556 loading class REPL/$JShell$21
Event: 95,556 loading class REPL/$JShell$21 done
Event: 104,207 loading class REPL/$JShell$22
Event: 104,207 loading class REPL/$JShell$22 done
Event: 180,629 loading class REPL/$JShell$23
Event: 180,629 loading class REPL/$JShell$23 done
Event: 446,626 loading class REPL/$JShell$25
Event: 446,626 loading class REPL/$JShell$25 done
Event: 465,669 loading class REPL/$JShell$27
Event: 465,669 loading class REPL/$JShell$27 done
Event: 477,985 loading class REPL/$JShell$28
Event: 477,985 loading class REPL/$JShell$28 done
Event: 511,013 loading class REPL/$JShell$29
Event: 511,013 loading class REPL/$JShell$29 done


Dynamic libraries:
c3c00000-c50a0000 rw-p 00000000 00:00 0 
c50a0000-d7d50000 ---p 00000000 00:00 0 
d7d50000-da6b0000 rw-p 00000000 00:00 0 
da6b0000-100000000 ---p 00000000 00:00 0 
800000000-800002000 rwxp 00001000 00:02 27479                            /usr/lib/jvm/java-11-openjdk-amd64/lib/server/classes.jsa
800002000-80109a000 rw-p 00003000 00:02 27479                            /usr/lib/jvm/java-11-openjdk-amd64/lib/server/classes.jsa
840000000-8400a0000 rw-p 00000000 00:00 0 
8400a0000-880000000 ---p 00000000 00:00 0 
55beddd06000-55beddd07000 r--p 00000000 00:02 27407                      /usr/lib/jvm/java-11-openjdk-amd64/bin/java
55beddd07000-55beddd08000 r-xp 00001000 00:02 27407                      /usr/lib/jvm/java-11-openjdk-amd64/bin/java
55beddd08000-55beddd09000 r--p 00002000 00:02 27407                      /usr/lib/jvm/java-11-openjdk-amd64/bin/java
55beddd09000-55beddd0a000 r--p 00002000 00:02 27407                      /usr/lib/jvm/java-11-openjdk-amd64/bin/java
55beddd0a000-55beddd0b000 rw-p 00003000 00:02 27407                      /usr/lib/jvm/java-11-openjdk-amd64/bin/java
55beddd5e000-55beddd7f000 rw-p 00000000 00:00 0                          [heap]
7fedc8000000-7fedc82a0000 rw-p 00000000 00:00 0 
7fedc82a0000-7fedcc000000 ---p 00000000 00:00 0 
7fedcc000000-7fedcc021000 rw-p 00000000 00:00 0 
7fedcc021000-7fedd0000000 ---p 00000000 00:00 0 
7fedd0000000-7fedd0021000 rw-p 00000000 00:00 0 
7fedd0021000-7fedd4000000 ---p 00000000 00:00 0 
7fedd4000000-7fedd412b000 rw-p 00000000 00:00 0 
7fedd412b000-7fedd8000000 ---p 00000000 00:00 0 
7fedd8000000-7fedd8021000 rw-p 00000000 00:00 0 
7fedd8021000-7feddc000000 ---p 00000000 00:00 0 
7feddc000000-7feddc021000 rw-p 00000000 00:00 0 
7feddc021000-7fede0000000 ---p 00000000 00:00 0 
7fede0000000-7fede0021000 rw-p 00000000 00:00 0 
7fede0021000-7fede4000000 ---p 00000000 00:00 0 
7fede6ac5000-7fede6ac7000 r-xp 00000000 00:31 39983000                   /home/jj17/uni.gdbs.labor/shell_versuch/cTools/libKernelWrapper.so
7fede6ac7000-7fede6cc7000 ---p 00002000 00:31 39983000                   /home/jj17/uni.gdbs.labor/shell_versuch/cTools/libKernelWrapper.so
7fede6cc7000-7fede6cc8000 rw-p 00002000 00:31 39983000                   /home/jj17/uni.gdbs.labor/shell_versuch/cTools/libKernelWrapper.so
7fede6cc8000-7fede6ccc000 ---p 00000000 00:00 0 
7fede6ccc000-7fede6dc9000 rw-p 00000000 00:00 0 
7fede6dc9000-7fede6dcd000 ---p 00000000 00:00 0 
7fede6dcd000-7fede6efb000 rw-p 00000000 00:00 0 
7fede6efb000-7fede6eff000 r--p 00000000 00:02 27481                      /usr/lib/jvm/java-11-openjdk-amd64/lib/libnet.so
7fede6eff000-7fede6f0e000 r-xp 00004000 00:02 27481                      /usr/lib/jvm/java-11-openjdk-amd64/lib/libnet.so
7fede6f0e000-7fede6f12000 r--p 00013000 00:02 27481                      /usr/lib/jvm/java-11-openjdk-amd64/lib/libnet.so
7fede6f12000-7fede6f13000 r--p 00016000 00:02 27481                      /usr/lib/jvm/java-11-openjdk-amd64/lib/libnet.so
7fede6f13000-7fede6f14000 rw-p 00017000 00:02 27481                      /usr/lib/jvm/java-11-openjdk-amd64/lib/libnet.so
7fede6f14000-7fede6f1b000 r--p 00000000 00:02 27467                      /usr/lib/jvm/java-11-openjdk-amd64/lib/libnio.so
7fede6f1b000-7fede6f22000 r-xp 00007000 00:02 27467                      /usr/lib/jvm/java-11-openjdk-amd64/lib/libnio.so
7fede6f22000-7fede6f25000 r--p 0000e000 00:02 27467                      /usr/lib/jvm/java-11-openjdk-amd64/lib/libnio.so
7fede6f25000-7fede6f26000 r--p 00010000 00:02 27467                      /usr/lib/jvm/java-11-openjdk-amd64/lib/libnio.so
7fede6f26000-7fede6f27000 rw-p 00011000 00:02 27467                      /usr/lib/jvm/java-11-openjdk-amd64/lib/libnio.so
7fede6f27000-7fede6f28000 ---p 00000000 00:00 0 
7fede6f28000-7fede7029000 rw-p 00000000 00:00 0 
7fede7029000-7fede702d000 ---p 00000000 00:00 0 
7fede702d000-7fede712a000 rw-p 00000000 00:00 0 
7fede712a000-7fede712e000 ---p 00000000 00:00 0 
7fede712e000-7fede722b000 rw-p 00000000 00:00 0 
7fede722b000-7fede722f000 ---p 00000000 00:00 0 
7fede722f000-7fede732c000 rw-p 00000000 00:00 0 
7fede732c000-7fede7330000 ---p 00000000 00:00 0 
7fede7330000-7fede742d000 rw-p 00000000 00:00 0 
7fede742d000-7fede7430000 r--p 00000000 00:02 24854                      /lib/x86_64-linux-gnu/libnss_files-2.28.so
7fede7430000-7fede7437000 r-xp 00003000 00:02 24854                      /lib/x86_64-linux-gnu/libnss_files-2.28.so
7fede7437000-7fede7439000 r--p 0000a000 00:02 24854                      /lib/x86_64-linux-gnu/libnss_files-2.28.so
7fede7439000-7fede743a000 ---p 0000c000 00:02 24854                      /lib/x86_64-linux-gnu/libnss_files-2.28.so
7fede743a000-7fede743b000 r--p 0000c000 00:02 24854                      /lib/x86_64-linux-gnu/libnss_files-2.28.so
7fede743b000-7fede743c000 rw-p 0000d000 00:02 24854                      /lib/x86_64-linux-gnu/libnss_files-2.28.so
7fede743c000-7fede7442000 rw-p 00000000 00:00 0 
7fede7442000-7fede7443000 r--p 00000000 00:02 27435                      /usr/lib/jvm/java-11-openjdk-amd64/lib/libextnet.so
7fede7443000-7fede7444000 r-xp 00001000 00:02 27435                      /usr/lib/jvm/java-11-openjdk-amd64/lib/libextnet.so
7fede7444000-7fede7445000 r--p 00002000 00:02 27435                      /usr/lib/jvm/java-11-openjdk-amd64/lib/libextnet.so
7fede7445000-7fede7446000 r--p 00002000 00:02 27435                      /usr/lib/jvm/java-11-openjdk-amd64/lib/libextnet.so
7fede7446000-7fede7447000 rw-p 00003000 00:02 27435                      /usr/lib/jvm/java-11-openjdk-amd64/lib/libextnet.so
7fede7447000-7fede747c000 r--s 00000000 00:02 30041                      /var/cache/nscd/hosts
7fede747c000-7fede747d000 r--p 00000000 00:02 27462                      /usr/lib/jvm/java-11-openjdk-amd64/lib/libdt_socket.so
7fede747d000-7fede7480000 r-xp 00001000 00:02 27462                      /usr/lib/jvm/java-11-openjdk-amd64/lib/libdt_socket.so
7fede7480000-7fede7481000 r--p 00004000 00:02 27462                      /usr/lib/jvm/java-11-openjdk-amd64/lib/libdt_socket.so
7fede7481000-7fede7482000 r--p 00004000 00:02 27462                      /usr/lib/jvm/java-11-openjdk-amd64/lib/libdt_socket.so
7fede7482000-7fede7483000 rw-p 00005000 00:02 27462                      /usr/lib/jvm/java-11-openjdk-amd64/lib/libdt_socket.so
7fede7483000-7fede748a000 r--s 00000000 00:02 23232                      /usr/lib/x86_64-linux-gnu/gconv/gconv-modules.cache
7fede748a000-7fede748e000 ---p 00000000 00:00 0 
7fede748e000-7fede758b000 rw-p 00000000 00:00 0 
7fede758b000-7fede758f000 ---p 00000000 00:00 0 
7fede758f000-7fede768c000 rw-p 00000000 00:00 0 
7fede768c000-7fede7690000 ---p 00000000 00:00 0 
7fede7690000-7fede778d000 rw-p 00000000 00:00 0 
7fede778d000-7fede7791000 ---p 00000000 00:00 0 
7fede7791000-7fede788e000 rw-p 00000000 00:00 0 
7fede788e000-7fede7bc6000 r--p 00000000 00:02 24478                      /usr/lib/locale/locale-archive
7fede7bc6000-7fede7bca000 ---p 00000000 00:00 0 
7fede7bca000-7fede7cc7000 rw-p 00000000 00:00 0 
7fede7cc7000-7fede7ccb000 ---p 00000000 00:00 0 
7fede7ccb000-7fede7dc8000 rw-p 00000000 00:00 0 
7fede7dc8000-7fede7dc9000 ---p 00000000 00:00 0 
7fede7dc9000-7fede844e000 rw-p 00000000 00:00 0 
7fede844e000-7fede87ce000 ---p 00000000 00:00 0 
7fede87ce000-7fede87e3000 rw-p 00000000 00:00 0 
7fede87e3000-7fede8910000 ---p 00000000 00:00 0 
7fede8910000-7fede8b80000 rwxp 00000000 00:00 0 
7fede8b80000-7fede8e9f000 ---p 00000000 00:00 0 
7fede8e9f000-7fede910f000 rwxp 00000000 00:00 0 
7fede910f000-7fedf03d7000 ---p 00000000 00:00 0 
7fedf03d7000-7fedf0647000 rwxp 00000000 00:00 0 
7fedf0647000-7fedf7910000 ---p 00000000 00:00 0 
7fedf7910000-7fee00000000 r--s 00000000 00:02 27439                      /usr/lib/jvm/java-11-openjdk-amd64/lib/modules
7fee00000000-7fee00128000 rw-p 00000000 00:00 0 
7fee00128000-7fee04000000 ---p 00000000 00:00 0 
7fee04003000-7fee04050000 rw-p 00000000 00:00 0 
7fee04050000-7fee040e5000 ---p 00000000 00:00 0 
7fee040e5000-7fee040fb000 rw-p 00000000 00:00 0 
7fee040fb000-7fee04227000 ---p 00000000 00:00 0 
7fee04227000-7fee0422d000 rw-p 00000000 00:00 0 
7fee0422d000-7fee04313000 ---p 00000000 00:00 0 
7fee04313000-7fee04318000 rw-p 00000000 00:00 0 
7fee04318000-7fee043fe000 ---p 00000000 00:00 0 
7fee043fe000-7fee04403000 rw-p 00000000 00:00 0 
7fee04403000-7fee0440a000 ---p 00000000 00:00 0 
7fee0440a000-7fee0440c000 r--p 00000000 00:02 27490                      /usr/lib/jvm/java-11-openjdk-amd64/lib/libjimage.so
7fee0440c000-7fee0440f000 r-xp 00002000 00:02 27490                      /usr/lib/jvm/java-11-openjdk-amd64/lib/libjimage.so
7fee0440f000-7fee04411000 r--p 00005000 00:02 27490                      /usr/lib/jvm/java-11-openjdk-amd64/lib/libjimage.so
7fee04411000-7fee04412000 r--p 00006000 00:02 27490                      /usr/lib/jvm/java-11-openjdk-amd64/lib/libjimage.so
7fee04412000-7fee04413000 rw-p 00007000 00:02 27490                      /usr/lib/jvm/java-11-openjdk-amd64/lib/libjimage.so
7fee04413000-7fee04415000 r--p 00000000 00:02 27433                      /usr/lib/jvm/java-11-openjdk-amd64/lib/libzip.so
7fee04415000-7fee04419000 r-xp 00002000 00:02 27433                      /usr/lib/jvm/java-11-openjdk-amd64/lib/libzip.so
7fee04419000-7fee0441b000 r--p 00006000 00:02 27433                      /usr/lib/jvm/java-11-openjdk-amd64/lib/libzip.so
7fee0441b000-7fee0441c000 r--p 00007000 00:02 27433                      /usr/lib/jvm/java-11-openjdk-amd64/lib/libzip.so
7fee0441c000-7fee0441d000 rw-p 00008000 00:02 27433                      /usr/lib/jvm/java-11-openjdk-amd64/lib/libzip.so
7fee0441d000-7fee04425000 rw-s 00000000 00:02 1051505                    /tmp/hsperfdata_jj17/26210
7fee04425000-7fee0445a000 r--s 00000000 00:02 30039                      /var/cache/nscd/passwd
7fee0445a000-7fee0445c000 r--p 00000000 00:02 27468                      /usr/lib/jvm/java-11-openjdk-amd64/lib/libjdwp.so
7fee0445c000-7fee04488000 r-xp 00002000 00:02 27468                      /usr/lib/jvm/java-11-openjdk-amd64/lib/libjdwp.so
7fee04488000-7fee04496000 r--p 0002e000 00:02 27468                      /usr/lib/jvm/java-11-openjdk-amd64/lib/libjdwp.so
7fee04496000-7fee04497000 r--p 0003b000 00:02 27468                      /usr/lib/jvm/java-11-openjdk-amd64/lib/libjdwp.so
7fee04497000-7fee04498000 rw-p 0003c000 00:02 27468                      /usr/lib/jvm/java-11-openjdk-amd64/lib/libjdwp.so
7fee04498000-7fee044a5000 r--p 00000000 00:02 27460                      /usr/lib/jvm/java-11-openjdk-amd64/lib/libjava.so
7fee044a5000-7fee044ba000 r-xp 0000d000 00:02 27460                      /usr/lib/jvm/java-11-openjdk-amd64/lib/libjava.so
7fee044ba000-7fee044c1000 r--p 00022000 00:02 27460                      /usr/lib/jvm/java-11-openjdk-amd64/lib/libjava.so
7fee044c1000-7fee044c2000 r--p 00028000 00:02 27460                      /usr/lib/jvm/java-11-openjdk-amd64/lib/libjava.so
7fee044c2000-7fee044c4000 rw-p 00029000 00:02 27460                      /usr/lib/jvm/java-11-openjdk-amd64/lib/libjava.so
7fee044c4000-7fee044c9000 r--p 00000000 00:02 27440                      /usr/lib/jvm/java-11-openjdk-amd64/lib/libverify.so
7fee044c9000-7fee044d0000 r-xp 00005000 00:02 27440                      /usr/lib/jvm/java-11-openjdk-amd64/lib/libverify.so
7fee044d0000-7fee044d2000 r--p 0000c000 00:02 27440                      /usr/lib/jvm/java-11-openjdk-amd64/lib/libverify.so
7fee044d2000-7fee044d4000 r--p 0000d000 00:02 27440                      /usr/lib/jvm/java-11-openjdk-amd64/lib/libverify.so
7fee044d4000-7fee044d5000 rw-p 0000f000 00:02 27440                      /usr/lib/jvm/java-11-openjdk-amd64/lib/libverify.so
7fee044d5000-7fee044d7000 r--p 00000000 00:02 24871                      /lib/x86_64-linux-gnu/librt-2.28.so
7fee044d7000-7fee044db000 r-xp 00002000 00:02 24871                      /lib/x86_64-linux-gnu/librt-2.28.so
7fee044db000-7fee044dd000 r--p 00006000 00:02 24871                      /lib/x86_64-linux-gnu/librt-2.28.so
7fee044dd000-7fee044de000 r--p 00007000 00:02 24871                      /lib/x86_64-linux-gnu/librt-2.28.so
7fee044de000-7fee044df000 rw-p 00008000 00:02 24871                      /lib/x86_64-linux-gnu/librt-2.28.so
7fee044df000-7fee044e3000 ---p 00000000 00:00 0 
7fee044e3000-7fee045e0000 rw-p 00000000 00:00 0 
7fee045e0000-7fee045e3000 r--p 00000000 00:02 24850                      /lib/x86_64-linux-gnu/libgcc_s.so.1
7fee045e3000-7fee045f4000 r-xp 00003000 00:02 24850                      /lib/x86_64-linux-gnu/libgcc_s.so.1
7fee045f4000-7fee045f7000 r--p 00014000 00:02 24850                      /lib/x86_64-linux-gnu/libgcc_s.so.1
7fee045f7000-7fee045f8000 ---p 00017000 00:02 24850                      /lib/x86_64-linux-gnu/libgcc_s.so.1
7fee045f8000-7fee045f9000 r--p 00017000 00:02 24850                      /lib/x86_64-linux-gnu/libgcc_s.so.1
7fee045f9000-7fee045fa000 rw-p 00018000 00:02 24850                      /lib/x86_64-linux-gnu/libgcc_s.so.1
7fee045fa000-7fee04607000 r--p 00000000 00:02 24887                      /lib/x86_64-linux-gnu/libm-2.28.so
7fee04607000-7fee046a6000 r-xp 0000d000 00:02 24887                      /lib/x86_64-linux-gnu/libm-2.28.so
7fee046a6000-7fee0477b000 r--p 000ac000 00:02 24887                      /lib/x86_64-linux-gnu/libm-2.28.so
7fee0477b000-7fee0477c000 r--p 00180000 00:02 24887                      /lib/x86_64-linux-gnu/libm-2.28.so
7fee0477c000-7fee0477d000 rw-p 00181000 00:02 24887                      /lib/x86_64-linux-gnu/libm-2.28.so
7fee0477d000-7fee04806000 r--p 00000000 00:02 22342                      /usr/lib/x86_64-linux-gnu/libstdc++.so.6.0.25
7fee04806000-7fee048b2000 r-xp 00089000 00:02 22342                      /usr/lib/x86_64-linux-gnu/libstdc++.so.6.0.25
7fee048b2000-7fee048f0000 r--p 00135000 00:02 22342                      /usr/lib/x86_64-linux-gnu/libstdc++.so.6.0.25
7fee048f0000-7fee048f1000 ---p 00173000 00:02 22342                      /usr/lib/x86_64-linux-gnu/libstdc++.so.6.0.25
7fee048f1000-7fee048fb000 r--p 00173000 00:02 22342                      /usr/lib/x86_64-linux-gnu/libstdc++.so.6.0.25
7fee048fb000-7fee048fd000 rw-p 0017d000 00:02 22342                      /usr/lib/x86_64-linux-gnu/libstdc++.so.6.0.25
7fee048fd000-7fee04901000 rw-p 00000000 00:00 0 
7fee04901000-7fee04b6e000 r--p 00000000 00:02 27476                      /usr/lib/jvm/java-11-openjdk-amd64/lib/server/libjvm.so
7fee04b6e000-7fee0569a000 r-xp 0026d000 00:02 27476                      /usr/lib/jvm/java-11-openjdk-amd64/lib/server/libjvm.so
7fee0569a000-7fee058d2000 r--p 00d99000 00:02 27476                      /usr/lib/jvm/java-11-openjdk-amd64/lib/server/libjvm.so
7fee058d2000-7fee0598f000 r--p 00fd0000 00:02 27476                      /usr/lib/jvm/java-11-openjdk-amd64/lib/server/libjvm.so
7fee0598f000-7fee059c9000 rw-p 0108d000 00:02 27476                      /usr/lib/jvm/java-11-openjdk-amd64/lib/server/libjvm.so
7fee059c9000-7fee05a21000 rw-p 00000000 00:00 0 
7fee05a21000-7fee05a43000 r--p 00000000 00:02 24889                      /lib/x86_64-linux-gnu/libc-2.28.so
7fee05a43000-7fee05b8b000 r-xp 00022000 00:02 24889                      /lib/x86_64-linux-gnu/libc-2.28.so
7fee05b8b000-7fee05bd7000 r--p 0016a000 00:02 24889                      /lib/x86_64-linux-gnu/libc-2.28.so
7fee05bd7000-7fee05bd8000 ---p 001b6000 00:02 24889                      /lib/x86_64-linux-gnu/libc-2.28.so
7fee05bd8000-7fee05bdc000 r--p 001b6000 00:02 24889                      /lib/x86_64-linux-gnu/libc-2.28.so
7fee05bdc000-7fee05bde000 rw-p 001ba000 00:02 24889                      /lib/x86_64-linux-gnu/libc-2.28.so
7fee05bde000-7fee05be2000 rw-p 00000000 00:00 0 
7fee05be2000-7fee05be3000 r--p 00000000 00:02 24888                      /lib/x86_64-linux-gnu/libdl-2.28.so
7fee05be3000-7fee05be4000 r-xp 00001000 00:02 24888                      /lib/x86_64-linux-gnu/libdl-2.28.so
7fee05be4000-7fee05be5000 r--p 00002000 00:02 24888                      /lib/x86_64-linux-gnu/libdl-2.28.so
7fee05be5000-7fee05be6000 r--p 00002000 00:02 24888                      /lib/x86_64-linux-gnu/libdl-2.28.so
7fee05be6000-7fee05be7000 rw-p 00003000 00:02 24888                      /lib/x86_64-linux-gnu/libdl-2.28.so
7fee05be7000-7fee05bea000 r--p 00000000 00:02 27448                      /usr/lib/jvm/java-11-openjdk-amd64/lib/jli/libjli.so
7fee05bea000-7fee05bf4000 r-xp 00003000 00:02 27448                      /usr/lib/jvm/java-11-openjdk-amd64/lib/jli/libjli.so
7fee05bf4000-7fee05bf7000 r--p 0000d000 00:02 27448                      /usr/lib/jvm/java-11-openjdk-amd64/lib/jli/libjli.so
7fee05bf7000-7fee05bf8000 r--p 0000f000 00:02 27448                      /usr/lib/jvm/java-11-openjdk-amd64/lib/jli/libjli.so
7fee05bf8000-7fee05bf9000 rw-p 00010000 00:02 27448                      /usr/lib/jvm/java-11-openjdk-amd64/lib/jli/libjli.so
7fee05bf9000-7fee05bff000 r--p 00000000 00:02 24877                      /lib/x86_64-linux-gnu/libpthread-2.28.so
7fee05bff000-7fee05c0e000 r-xp 00006000 00:02 24877                      /lib/x86_64-linux-gnu/libpthread-2.28.so
7fee05c0e000-7fee05c14000 r--p 00015000 00:02 24877                      /lib/x86_64-linux-gnu/libpthread-2.28.so
7fee05c14000-7fee05c15000 r--p 0001a000 00:02 24877                      /lib/x86_64-linux-gnu/libpthread-2.28.so
7fee05c15000-7fee05c16000 rw-p 0001b000 00:02 24877                      /lib/x86_64-linux-gnu/libpthread-2.28.so
7fee05c16000-7fee05c1a000 rw-p 00000000 00:00 0 
7fee05c1a000-7fee05c36000 r-xp 00000000 00:02 24856                      /lib/x86_64-linux-gnu/libz.so.1.2.11
7fee05c36000-7fee05e36000 ---p 0001c000 00:02 24856                      /lib/x86_64-linux-gnu/libz.so.1.2.11
7fee05e36000-7fee05e37000 r--p 0001c000 00:02 24856                      /lib/x86_64-linux-gnu/libz.so.1.2.11
7fee05e37000-7fee05e38000 rw-p 0001d000 00:02 24856                      /lib/x86_64-linux-gnu/libz.so.1.2.11
7fee05e3b000-7fee05e3c000 ---p 00000000 00:00 0 
7fee05e3c000-7fee05e3d000 r--p 00000000 00:00 0 
7fee05e3d000-7fee05e3f000 rw-p 00000000 00:00 0 
7fee05e3f000-7fee05e40000 r--p 00000000 00:02 24969                      /lib/x86_64-linux-gnu/ld-2.28.so
7fee05e40000-7fee05e5e000 r-xp 00001000 00:02 24969                      /lib/x86_64-linux-gnu/ld-2.28.so
7fee05e5e000-7fee05e66000 r--p 0001f000 00:02 24969                      /lib/x86_64-linux-gnu/ld-2.28.so
7fee05e66000-7fee05e67000 r--p 00026000 00:02 24969                      /lib/x86_64-linux-gnu/ld-2.28.so
7fee05e67000-7fee05e68000 rw-p 00027000 00:02 24969                      /lib/x86_64-linux-gnu/ld-2.28.so
7fee05e68000-7fee05e69000 rw-p 00000000 00:00 0 
7ffec2dd7000-7ffec2df8000 rw-p 00000000 00:00 0                          [stack]
7ffec2df8000-7ffec2dfb000 r--p 00000000 00:00 0                          [vvar]
7ffec2dfb000-7ffec2dfc000 r-xp 00000000 00:00 0                          [vdso]
ffffffffff600000-ffffffffff601000 r-xp 00000000 00:00 0                  [vsyscall]


VM Arguments:
jvm_args: -agentlib:jdwp=transport=dt_socket,address=localhost:58211 
java_command: jdk.jshell.execution.RemoteExecutionControl 34083
java_class_path (initial): .
Launcher Type: SUN_STANDARD

[Global flags]
     intx CICompilerCount                          = 2                                         {product} {ergonomic}
   size_t InitialHeapSize                          = 65011712                                  {product} {ergonomic}
   size_t MaxHeapSize                              = 1010827264                                {product} {ergonomic}
   size_t MaxNewSize                               = 336920576                                 {product} {ergonomic}
   size_t MinHeapDeltaBytes                        = 196608                                    {product} {ergonomic}
   size_t NewSize                                  = 21626880                                  {product} {ergonomic}
    uintx NonNMethodCodeHeapSize                   = 5825164                                {pd product} {ergonomic}
    uintx NonProfiledCodeHeapSize                  = 122916538                              {pd product} {ergonomic}
   size_t OldSize                                  = 43384832                                  {product} {ergonomic}
    uintx ProfiledCodeHeapSize                     = 122916538                              {pd product} {ergonomic}
    uintx ReservedCodeCacheSize                    = 251658240                              {pd product} {ergonomic}
     bool SegmentedCodeCache                       = true                                      {product} {ergonomic}
     bool UseCompressedClassPointers               = true                                 {lp64_product} {ergonomic}
     bool UseCompressedOops                        = true                                 {lp64_product} {ergonomic}
     bool UseSerialGC                              = true                                      {product} {ergonomic}

Logging:
Log output configuration:
 #0: stdout all=warning uptime,level,tags
 #1: stderr all=off uptime,level,tags

Environment Variables:
PATH=/usr/local/bin:/usr/bin:/bin:/usr/local/games:/usr/games
LD_LIBRARY_PATH=./cTools
SHELL=/bin/bash

Signal Handlers:
SIGSEGV: [libjvm.so+0xd26680], sa_mask[0]=11111111011111111101111111111110, sa_flags=SA_RESTART|SA_SIGINFO
SIGBUS: [libjvm.so+0xd26680], sa_mask[0]=11111111011111111101111111111110, sa_flags=SA_RESTART|SA_SIGINFO
SIGFPE: [libjvm.so+0xd26680], sa_mask[0]=11111111011111111101111111111110, sa_flags=SA_RESTART|SA_SIGINFO
SIGPIPE: [libjvm.so+0xb2c8b0], sa_mask[0]=11111111011111111101111111111110, sa_flags=SA_RESTART|SA_SIGINFO
SIGXFSZ: [libjvm.so+0xb2c8b0], sa_mask[0]=11111111011111111101111111111110, sa_flags=SA_RESTART|SA_SIGINFO
SIGILL: [libjvm.so+0xd26680], sa_mask[0]=11111111011111111101111111111110, sa_flags=SA_RESTART|SA_SIGINFO
SIGUSR2: [libjvm.so+0xb2c740], sa_mask[0]=00100000000000000000000000000000, sa_flags=SA_RESTART|SA_SIGINFO
SIGHUP: [libjvm.so+0xb2cbf0], sa_mask[0]=11111111011111111101111111111110, sa_flags=SA_RESTART|SA_SIGINFO
SIGINT: [libjvm.so+0xb2cbf0], sa_mask[0]=11111111011111111101111111111110, sa_flags=SA_RESTART|SA_SIGINFO
SIGTERM: [libjvm.so+0xb2cbf0], sa_mask[0]=11111111011111111101111111111110, sa_flags=SA_RESTART|SA_SIGINFO
SIGQUIT: [libjvm.so+0xb2cbf0], sa_mask[0]=11111111011111111101111111111110, sa_flags=SA_RESTART|SA_SIGINFO


---------------  S Y S T E M  ---------------

OS:PRETTY_NAME="Debian GNU/Linux 10 (buster)"
NAME="Debian GNU/Linux"
VERSION_ID="10"
VERSION="10 (buster)"
VERSION_CODENAME=buster
ID=debian
HOME_URL="https://www.debian.org/"
SUPPORT_URL="https://www.debian.org/support"
BUG_REPORT_URL="https://bugs.debian.org/"
uname:Linux 5.2.9 #50 SMP Tue Aug 11 15:22:01 CEST 2020 x86_64
libc:glibc 2.28 NPTL 2.28 
rlimit: STACK 8192k, CORE 0k, NPROC 14485, NOFILE 1048576, AS infinity, DATA infinity, FSIZE infinity
load average:0,00 0,05 0,01

/proc/meminfo:
MemTotal:        3941708 kB
MemFree:         2393880 kB
MemAvailable:    2285952 kB
Buffers:               0 kB
Cached:          1222928 kB
SwapCached:            0 kB
Active:           582884 kB
Inactive:         876264 kB
Active(anon):     582812 kB
Inactive(anon):   876064 kB
Active(file):         72 kB
Inactive(file):      200 kB
Unevictable:        5120 kB
Mlocked:               0 kB
SwapTotal:             0 kB
SwapFree:              0 kB
Dirty:                 0 kB
Writeback:             4 kB
AnonPages:        240136 kB
Mapped:            80896 kB
Shmem:           1222656 kB
KReclaimable:      20548 kB
Slab:              60596 kB
SReclaimable:      20548 kB
SUnreclaim:        40048 kB
KernelStack:        2752 kB
PageTables:         2520 kB
NFS_Unstable:          0 kB
Bounce:                0 kB
WritebackTmp:          0 kB
CommitLimit:     1970852 kB
Committed_AS:    1834064 kB
VmallocTotal:   34359738367 kB
VmallocUsed:           0 kB
VmallocChunk:          0 kB
Percpu:              376 kB
HardwareCorrupted:     0 kB
AnonHugePages:    159744 kB
ShmemHugePages:        0 kB
ShmemPmdMapped:        0 kB
CmaTotal:              0 kB
CmaFree:               0 kB
HugePages_Total:       0
HugePages_Free:        0
HugePages_Rsvd:        0
HugePages_Surp:        0
Hugepagesize:       2048 kB
Hugetlb:               0 kB
DirectMap4k:       62256 kB
DirectMap2M:     4055040 kB


/proc/sys/kernel/threads-max (system-wide limit on the number of threads):
28970


/proc/sys/vm/max_map_count (maximum number of memory map areas a process may have):
65530


/proc/sys/kernel/pid_max (system-wide limit on number of process identifiers):
32768



container (cgroup) information:
container_type: cgroupv1
cpu_cpuset_cpus: 0
cpu_memory_nodes: 0
active_processor_count: 1
cpu_quota: -1
cpu_period: 100000
cpu_shares: -1
memory_limit_in_bytes: -1
memory_and_swap_limit_in_bytes: -2
memory_soft_limit_in_bytes: -1
memory_usage_in_bytes: 174174208
memory_max_usage_in_bytes: 174227456

Steal ticks since vm start: 0
Steal ticks percentage since vm start:  0,000

CPU:total 1 (initial active 1) (2 cores per cpu, 1 threads per core) family 6 model 15 stepping 11, cmov, cx8, fxsr, mmx, sse, sse2, sse3, ssse3, tsc
CPU Model and flags from /proc/cpuinfo:
model name	: Intel(R) Core(TM)2 Duo CPU     E6550  @ 2.33GHz
flags		: fpu vme de pse tsc msr pae mce cx8 apic sep mtrr pge mca cmov pat pse36 clflush dts acpi mmx fxsr sse sse2 ss ht tm pbe syscall nx lm constant_tsc arch_perfmon pebs bts rep_good nopl cpuid aperfmperf pni dtes64 monitor ds_cpl vmx smx est tm2 ssse3 cx16 xtpr pdcm lahf_lm pti tpr_shadow vnmi flexpriority dtherm

Memory: 4k page, physical 3941708k(2393816k free), swap 0k(0k free)

vm_info: OpenJDK 64-Bit Server VM (11.0.6+10-post-Debian-1deb10u1) for linux-amd64 JRE (11.0.6+10-post-Debian-1deb10u1), built on Jan 17 2020 00:09:03 by "unknown" with gcc 8.3.0

END.
