#
# A fatal error has been detected by the Java Runtime Environment:
#
#  SIGSEGV (0xb) at pc=0x00007fbceb2cd900, pid=31968, tid=31968
#
# JRE version: OpenJDK Runtime Environment (11.0.6+10) (build 11.0.6+10-post-Debian-1deb10u1)
# Java VM: OpenJDK 64-Bit Server VM (11.0.6+10-post-Debian-1deb10u1, mixed mode, sharing, tiered, compressed oops, serial gc, linux-amd64)
# Problematic frame:
# V  [libjvm.so+0x51c900]
#
# Core dump will be written. Default location: core.31968 (may not exist)
#
# If you would like to submit a bug report, please visit:
#   https://bugs.debian.org/openjdk-11
#

---------------  S U M M A R Y ------------

Command Line: hello

Host: Intel(R) Core(TM)2 Duo CPU     E6550  @ 2.33GHz, 1 cores, 3G, Debian GNU/Linux 10 (buster)
Time: Sat Aug 15 22:01:11 2020 UTC elapsed time: 0 seconds (0d 0h 0m 0s)

---------------  T H R E A D  ---------------

Current thread (0x00007fbce4011800):  JavaThread "main" [_thread_in_vm, id=31957, stack(0x00007fbcea98f000,0x00007fbceaa90000)]

Stack: [0x00007fbcea98f000,0x00007fbceaa90000],  sp=0x00007fbceaa8e828,  free space=1022k
Native frames: (J=compiled Java code, A=aot compiled Java code, j=interpreted, Vv=VM code, C=native code)
V  [libjvm.so+0x51c900]
C  [libKernelWrapper.so+0x12fb]  Java_cTools_KernelWrapper_execv+0xd1
j  cTools.KernelWrapper.execv(Ljava/lang/String;[Ljava/lang/String;)I+0
j  hello.main([Ljava/lang/String;)V+48
v  ~StubRoutines::call_stub
V  [libjvm.so+0x7f8991]
V  [libjvm.so+0x86d2cc]
V  [libjvm.so+0x86f588]
C  [libjli.so+0x548e]
C  [libjli.so+0x94bd]

Java frames: (J=compiled Java code, j=interpreted, Vv=VM code)
j  cTools.KernelWrapper.execv(Ljava/lang/String;[Ljava/lang/String;)I+0
j  hello.main([Ljava/lang/String;)V+48
v  ~StubRoutines::call_stub

siginfo: si_signo: 11 (SIGSEGV), si_code: 1 (SEGV_MAPERR), si_addr: 0x0000000000000000

Register to memory mapping:

RAX=0x0 is NULL
RBX=0x00007fbce4011800 is a thread
RCX=0x0 is NULL
RDX=0x00007fbceb223ad0: <offset 0x0000000000472ad0> in /usr/lib/jvm/java-11-openjdk-amd64/lib/server/libjvm.so at 0x00007fbceadb1000
RSP=0x00007fbceaa8e828 is pointing into the stack for thread: 0x00007fbce4011800
RBP=0x00007fbceaa8e8c0 is pointing into the stack for thread: 0x00007fbce4011800
RSI=0x0 is NULL
RDI=0x0 is NULL
R8 =0x00007fbce40a5541 points into unknown readable memory: 00 00 e4 bc 7f 00 00
R9 =0x00007fbce40a55c0 points into unknown readable memory: 50 00 00 00 00 00 00 00
R10=0x00000000c3c97b71 points into unknown readable memory: 00 00 00 00 00 00 00
R11=0x0000000000000020 is an unknown value
R12=0x0 is NULL
R13=0x0 is NULL
R14=0x00007fbceaa8e9b0 is pointing into the stack for thread: 0x00007fbce4011800
R15=0x00007fbce4011800 is a thread


Registers:
RAX=0x0000000000000000, RBX=0x00007fbce4011800, RCX=0x0000000000000000, RDX=0x00007fbceb223ad0
RSP=0x00007fbceaa8e828, RBP=0x00007fbceaa8e8c0, RSI=0x0000000000000000, RDI=0x0000000000000000
R8 =0x00007fbce40a5541, R9 =0x00007fbce40a55c0, R10=0x00000000c3c97b71, R11=0x0000000000000020
R12=0x0000000000000000, R13=0x0000000000000000, R14=0x00007fbceaa8e9b0, R15=0x00007fbce4011800
RIP=0x00007fbceb2cd900, EFLAGS=0x0000000000010246, CSGSFS=0x002b000000000033, ERR=0x0000000000000004
  TRAPNO=0x000000000000000e

Top of Stack: (sp=0x00007fbceaa8e828)
0x00007fbceaa8e828:   00007fbceb6174e1 0000003000000003
0x00007fbceaa8e838:   00007fbce4011800 00007fbce4011800
0x00007fbceaa8e848:   0000000000000000 000000770000007c
0x00007fbceaa8e858:   0000000000000000 0000000000000000 

Instructions: (pc=0x00007fbceb2cd900)
0x00007fbceb2cd800:   49 8b 87 08 01 00 00 a8 08 0f 84 14 ff ff ff 48
0x00007fbceb2cd810:   8d 05 a6 a4 bd 00 8b 00 85 c0 75 74 49 8b 87 58
0x00007fbceb2cd820:   04 00 00 48 85 c0 0f 84 f7 fe ff ff 41 80 bf 80
0x00007fbceb2cd830:   04 00 00 00 0f 85 e9 fe ff ff 41 c6 87 80 04 00
0x00007fbceb2cd840:   00 01 49 8d bf 58 04 00 00 4c 89 fe e8 bf 1a 27
0x00007fbceb2cd850:   00 41 c6 87 80 04 00 00 00 e9 c5 fe ff ff 66 90
0x00007fbceb2cd860:   4c 89 ff e8 98 a4 6c 00 e9 b6 fe ff ff 0f 1f 00
0x00007fbceb2cd870:   4c 89 45 c8 4c 89 ff ff d0 4c 8b 45 c8 84 c0 0f
0x00007fbceb2cd880:   84 ae fd ff ff e9 0a ff ff ff 66 0f 1f 44 00 00
0x00007fbceb2cd890:   4c 89 ff e8 68 a4 6c 00 eb 82 66 0f 1f 44 00 00
0x00007fbceb2cd8a0:   55 66 0f ef c0 48 89 e5 48 83 ec 30 48 8d 05 4d
0x00007fbceb2cd8b0:   04 bc 00 0f 29 45 d0 80 b8 e1 1d 00 00 00 c6 45
0x00007fbceb2cd8c0:   e0 00 74 29 48 8b 47 78 c6 45 e0 01 48 85 c0 74
0x00007fbceb2cd8d0:   1f 8b 40 08 89 45 f0 48 89 75 e8 e8 e0 28 7b 00
0x00007fbceb2cd8e0:   48 8d 7d d0 48 89 45 d0 e8 83 06 00 00 c9 c3 90
0x00007fbceb2cd8f0:   31 c0 eb e0 66 2e 0f 1f 84 00 00 00 00 00 66 90
0x00007fbceb2cd900:   48 8b 07 c3 66 2e 0f 1f 84 00 00 00 00 00 66 90
0x00007fbceb2cd910:   48 8b 07 c3 66 2e 0f 1f 84 00 00 00 00 00 66 90
0x00007fbceb2cd920:   48 8b 07 c3 66 2e 0f 1f 84 00 00 00 00 00 66 90
0x00007fbceb2cd930:   48 8b 07 c3 66 2e 0f 1f 84 00 00 00 00 00 66 90
0x00007fbceb2cd940:   48 8b 07 c3 66 2e 0f 1f 84 00 00 00 00 00 66 90
0x00007fbceb2cd950:   48 8b 07 c3 66 2e 0f 1f 84 00 00 00 00 00 66 90
0x00007fbceb2cd960:   48 8b 07 c3 66 2e 0f 1f 84 00 00 00 00 00 66 90
0x00007fbceb2cd970:   48 8b 07 c3 66 2e 0f 1f 84 00 00 00 00 00 66 90
0x00007fbceb2cd980:   48 8b 07 c3 66 2e 0f 1f 84 00 00 00 00 00 66 90
0x00007fbceb2cd990:   48 8b 07 c3 66 2e 0f 1f 84 00 00 00 00 00 66 90
0x00007fbceb2cd9a0:   55 48 89 e5 53 48 89 fb 48 83 ec 08 48 8d 05 5d
0x00007fbceb2cd9b0:   21 bb 00 48 8b 00 8b 50 10 48 8d 05 2d e5 bb 00
0x00007fbceb2cd9c0:   80 38 00 74 43 48 8d 05 44 ff ff ff 83 fa 02 74
0x00007fbceb2cd9d0:   1e 0f 86 89 00 00 00 48 8d 05 42 ff ff ff 83 fa
0x00007fbceb2cd9e0:   03 74 0c 48 8d 05 e6 03 00 00 83 fa 04 75 3f 48
0x00007fbceb2cd9f0:   89 05 ea 66 b7 00 48 83 c4 08 48 89 df 5b 5d ff 


Stack slot to memory mapping:
stack at sp + 0 slots: 0x00007fbceb6174e1: <offset 0x00000000008664e1> in /usr/lib/jvm/java-11-openjdk-amd64/lib/server/libjvm.so at 0x00007fbceadb1000
stack at sp + 1 slots: 0x0000003000000003 is an unknown value
stack at sp + 2 slots: 0x00007fbce4011800 is a thread
stack at sp + 3 slots: 0x00007fbce4011800 is a thread
stack at sp + 4 slots: 0x0 is NULL
stack at sp + 5 slots: 0x000000770000007c is an unknown value
stack at sp + 6 slots: 0x0 is NULL
stack at sp + 7 slots: 0x0 is NULL


---------------  P R O C E S S  ---------------

Threads class SMR info:
_java_thread_list=0x00007fbce40a1340, length=9, elements={
0x00007fbce4011800, 0x00007fbce404c800, 0x00007fbce404f000, 0x00007fbce4055800,
0x00007fbce4058000, 0x00007fbce405a000, 0x00007fbce405c000, 0x00007fbce4096800,
0x00007fbce40a0000
}

Java Threads: ( => current thread )
=>0x00007fbce4011800 JavaThread "main" [_thread_in_vm, id=31957, stack(0x00007fbcea98f000,0x00007fbceaa90000)]
  0x00007fbce404c800 JavaThread "Reference Handler" daemon [_thread_blocked, id=31959, stack(0x00007fbce98a8000,0x00007fbce99a9000)]
  0x00007fbce404f000 JavaThread "Finalizer" daemon [_thread_blocked, id=31960, stack(0x00007fbce97a7000,0x00007fbce98a8000)]
  0x00007fbce4055800 JavaThread "Signal Dispatcher" daemon [_thread_blocked, id=31961, stack(0x00007fbce936e000,0x00007fbce946f000)]
  0x00007fbce4058000 JavaThread "C2 CompilerThread0" daemon [_thread_blocked, id=31962, stack(0x00007fbce926d000,0x00007fbce936e000)]
  0x00007fbce405a000 JavaThread "C1 CompilerThread0" daemon [_thread_blocked, id=31963, stack(0x00007fbce916c000,0x00007fbce926d000)]
  0x00007fbce405c000 JavaThread "Sweeper thread" daemon [_thread_blocked, id=31964, stack(0x00007fbce906b000,0x00007fbce916c000)]
  0x00007fbce4096800 JavaThread "Service Thread" daemon [_thread_blocked, id=31965, stack(0x00007fbce8f6a000,0x00007fbce906b000)]
  0x00007fbce40a0000 JavaThread "Common-Cleaner" daemon [_thread_blocked, id=31967, stack(0x00007fbce8d67000,0x00007fbce8e68000)]

Other Threads:
  0x00007fbce4049800 VMThread "VM Thread" [stack: 0x00007fbce99ab000,0x00007fbce9aab000] [id=31958]
  0x00007fbce4099000 WatcherThread [stack: 0x00007fbce8e6a000,0x00007fbce8f6a000] [id=31966]

Threads with active compile tasks:

VM state:not at safepoint (normal execution)

VM Mutex/Monitor currently owned by a thread: None

Heap address: 0x00000000c3c00000, size: 964 MB, Compressed Oops mode: 32-bit
Narrow klass base: 0x0000000800000000, Narrow klass shift: 3
Compressed class space size: 1073741824 Address: 0x0000000840000000

Heap:
 def new generation   total 19008K, used 1013K [0x00000000c3c00000, 0x00000000c50a0000, 0x00000000d7d50000)
  eden space 16896K,   6% used [0x00000000c3c00000, 0x00000000c3cfd740, 0x00000000c4c80000)
  from space 2112K,   0% used [0x00000000c4c80000, 0x00000000c4c80000, 0x00000000c4e90000)
  to   space 2112K,   0% used [0x00000000c4e90000, 0x00000000c4e90000, 0x00000000c50a0000)
 tenured generation   total 42368K, used 0K [0x00000000d7d50000, 0x00000000da6b0000, 0x0000000100000000)
   the space 42368K,   0% used [0x00000000d7d50000, 0x00000000d7d50000, 0x00000000d7d50200, 0x00000000da6b0000)
 Metaspace       used 191K, capacity 4490K, committed 4864K, reserved 1056768K
  class space    used 6K, capacity 386K, committed 512K, reserved 1048576K

Card table byte_map: [0x00007fbcea533000,0x00007fbcea716000] _byte_map_base: 0x00007fbce9f15000

Polling page: 0x00007fbcec2eb000

Metaspace:

Usage:
  Non-class:      4,01 MB capacity,   185,16 KB (  5%) used,     3,83 MB ( 95%) free+waste,   192 bytes ( <1%) overhead. 
      Class:    386,00 KB capacity,     6,69 KB (  2%) used,   379,19 KB ( 98%) free+waste,   128 bytes ( <1%) overhead. 
       Both:      4,38 MB capacity,   191,85 KB (  4%) used,     4,20 MB ( 96%) free+waste,   320 bytes ( <1%) overhead. 

Virtual space:
  Non-class space:        8,00 MB reserved,       4,25 MB ( 53%) committed 
      Class space:        1,00 GB reserved,     512,00 KB ( <1%) committed 
             Both:        1,01 GB reserved,       4,75 MB ( <1%) committed 

Chunk freelists:
   Non-Class:  0 bytes
       Class:  0 bytes
        Both:  0 bytes

MaxMetaspaceSize: unlimited
CompressedClassSpaceSize: 1,00 GB

CodeHeap 'non-profiled nmethods': size=120036Kb used=19Kb max_used=19Kb free=120016Kb
 bounds [0x00007fbcd43d7000, 0x00007fbcd4647000, 0x00007fbcdb910000]
CodeHeap 'profiled nmethods': size=120032Kb used=111Kb max_used=111Kb free=119920Kb
 bounds [0x00007fbccce9f000, 0x00007fbccd10f000, 0x00007fbcd43d7000]
CodeHeap 'non-nmethods': size=5692Kb used=982Kb max_used=994Kb free=4709Kb
 bounds [0x00007fbccc910000, 0x00007fbcccb80000, 0x00007fbccce9f000]
 total_blobs=374 nmethods=80 adapters=156
 compilation: enabled
              stopped_count=0, restarted_count=0
 full_count=0

Compilation events (20 events):
Event: 0,080 Thread 0x00007fbce405a000 nmethod 71 0x00007fbccceb7d10 code [0x00007fbccceb7ee0, 0x00007fbccceb8298]
Event: 0,080 Thread 0x00007fbce4058000 nmethod 68 0x00007fbcd43dab90 code [0x00007fbcd43dad20, 0x00007fbcd43daeb8]
Event: 0,080 Thread 0x00007fbce4058000   70       4       java.util.HashMap::afterNodeInsertion (1 bytes)
Event: 0,081 Thread 0x00007fbce405a000   72       3       jdk.internal.module.ModuleBootstrap$2::next (52 bytes)
Event: 0,081 Thread 0x00007fbce405a000 nmethod 72 0x00007fbccceb8390 code [0x00007fbccceb85a0, 0x00007fbccceb8b68]
Event: 0,081 Thread 0x00007fbce4058000 nmethod 70 0x00007fbcd43db010 code [0x00007fbcd43db1a0, 0x00007fbcd43db218]
Event: 0,082 Thread 0x00007fbce405a000   73       3       java.util.HashMap::putIfAbsent (13 bytes)
Event: 0,082 Thread 0x00007fbce405a000 nmethod 73 0x00007fbccceb8d10 code [0x00007fbccceb8ee0, 0x00007fbccceb9258]
Event: 0,082 Thread 0x00007fbce405a000   75       1       java.lang.Module::getDescriptor (5 bytes)
Event: 0,082 Thread 0x00007fbce405a000 nmethod 75 0x00007fbcd43db690 code [0x00007fbcd43db840, 0x00007fbcd43db970]
Event: 0,086 Thread 0x00007fbce405a000   76       3       java.lang.String::hashCode (49 bytes)
Event: 0,087 Thread 0x00007fbce405a000 nmethod 76 0x00007fbccceb9390 code [0x00007fbccceb9580, 0x00007fbccceb98f8]
Event: 0,088 Thread 0x00007fbce405a000   77       3       java.lang.StringLatin1::indexOf (61 bytes)
Event: 0,088 Thread 0x00007fbce405a000 nmethod 77 0x00007fbccceb9a10 code [0x00007fbccceb9be0, 0x00007fbccceb9ff0]
Event: 0,089 Thread 0x00007fbce405a000   78       3       java.lang.CharacterDataLatin1::getProperties (11 bytes)
Event: 0,090 Thread 0x00007fbce405a000 nmethod 78 0x00007fbccceba110 code [0x00007fbccceba2c0, 0x00007fbccceba470]
Event: 0,092 Thread 0x00007fbce405a000   79       3       java.lang.AbstractStringBuilder::ensureCapacityInternal (39 bytes)
Event: 0,093 Thread 0x00007fbce405a000 nmethod 79 0x00007fbccceba590 code [0x00007fbccceba780, 0x00007fbcccebac38]
Event: 0,093 Thread 0x00007fbce4058000   80       4       java.lang.StringLatin1::hashCode (42 bytes)
Event: 0,096 Thread 0x00007fbce4058000 nmethod 80 0x00007fbcd43dba10 code [0x00007fbcd43dbba0, 0x00007fbcd43dbcd8]

GC Heap History (0 events):
No events

Deoptimization events (4 events):
Event: 0,086 Thread 0x00007fbce4011800 Uncommon trap: trap_request=0xffffff4d fr.pc=0x00007fbcd43dae7c relative=0x000000000000015c
Event: 0,086 Thread 0x00007fbce4011800 Uncommon trap: reason=unstable_if action=reinterpret pc=0x00007fbcd43dae7c method=java.lang.String.hashCode()I @ 14 c2
Event: 0,086 Thread 0x00007fbce4011800 DEOPT PACKING pc=0x00007fbcd43dae7c sp=0x00007fbceaa8d290
Event: 0,086 Thread 0x00007fbce4011800 DEOPT UNPACKING pc=0x00007fbccc93759f sp=0x00007fbceaa8d248 mode 2

Classes redefined (0 events):
No events

Internal exceptions (0 events):
No events

Events (20 events):
Event: 0,083 Executing VM operation: EnableBiasedLocking
Event: 0,085 Protecting memory [0x00007fbce8f6a000,0x00007fbce8f6e000] with protection modes 0
Event: 0,085 Executing VM operation: EnableBiasedLocking done
Event: 0,085 loading class jdk/internal/vm/PostVMInitHook
Event: 0,085 loading class jdk/internal/vm/PostVMInitHook done
Event: 0,086 loading class hello
Event: 0,086 loading class hello done
Event: 0,087 loading class jdk/internal/loader/URLClassPath$FileLoader
Event: 0,087 loading class jdk/internal/loader/URLClassPath$FileLoader done
Event: 0,088 loading class jdk/internal/loader/URLClassPath$FileLoader$1
Event: 0,088 loading class jdk/internal/loader/URLClassPath$FileLoader$1 done
Event: 0,089 Thread 0x00007fbce40a0000 Thread added: 0x00007fbce40a0000
Event: 0,091 Protecting memory [0x00007fbce8d67000,0x00007fbce8d6b000] with protection modes 0
Event: 0,091 Executing VM operation: RevokeBias
Event: 0,091 Executing VM operation: RevokeBias done
Event: 0,092 loading class cTools/KernelWrapper
Event: 0,092 loading class cTools/KernelWrapper done
Event: 0,093 loading class java/lang/ClassLoaderHelper
Event: 0,093 loading class java/lang/ClassLoaderHelper done
Event: 0,097 Loaded shared library /home/jj17/gdbs.labor/shell_versuch/cTools/libKernelWrapper.so


Dynamic libraries:
c3c00000-c50a0000 rw-p 00000000 00:00 0 
c50a0000-d7d50000 ---p 00000000 00:00 0 
d7d50000-da6b0000 rw-p 00000000 00:00 0 
da6b0000-100000000 ---p 00000000 00:00 0 
800000000-800002000 rwxp 00001000 00:02 27479                            /usr/lib/jvm/java-11-openjdk-amd64/lib/server/classes.jsa
800002000-8003b8000 rw-p 00003000 00:02 27479                            /usr/lib/jvm/java-11-openjdk-amd64/lib/server/classes.jsa
8003b8000-800a8d000 r--p 003b9000 00:02 27479                            /usr/lib/jvm/java-11-openjdk-amd64/lib/server/classes.jsa
800a8d000-800a8e000 rw-p 00a8e000 00:02 27479                            /usr/lib/jvm/java-11-openjdk-amd64/lib/server/classes.jsa
800a8e000-80109a000 r--p 00a8f000 00:02 27479                            /usr/lib/jvm/java-11-openjdk-amd64/lib/server/classes.jsa
840000000-840080000 rw-p 00000000 00:00 0 
840080000-880000000 ---p 00000000 00:00 0 
557225140000-557225141000 r--p 00000000 00:02 27407                      /usr/lib/jvm/java-11-openjdk-amd64/bin/java
557225141000-557225142000 r-xp 00001000 00:02 27407                      /usr/lib/jvm/java-11-openjdk-amd64/bin/java
557225142000-557225143000 r--p 00002000 00:02 27407                      /usr/lib/jvm/java-11-openjdk-amd64/bin/java
557225143000-557225144000 r--p 00002000 00:02 27407                      /usr/lib/jvm/java-11-openjdk-amd64/bin/java
557225144000-557225145000 rw-p 00003000 00:02 27407                      /usr/lib/jvm/java-11-openjdk-amd64/bin/java
557226607000-557226628000 rw-p 00000000 00:00 0                          [heap]
7fbcb0000000-7fbcb007f000 rw-p 00000000 00:00 0 
7fbcb007f000-7fbcb4000000 ---p 00000000 00:00 0 
7fbcb4000000-7fbcb4021000 rw-p 00000000 00:00 0 
7fbcb4021000-7fbcb8000000 ---p 00000000 00:00 0 
7fbcb8000000-7fbcb8021000 rw-p 00000000 00:00 0 
7fbcb8021000-7fbcbc000000 ---p 00000000 00:00 0 
7fbcbc000000-7fbcbc06f000 rw-p 00000000 00:00 0 
7fbcbc06f000-7fbcc0000000 ---p 00000000 00:00 0 
7fbcc0000000-7fbcc0021000 rw-p 00000000 00:00 0 
7fbcc0021000-7fbcc4000000 ---p 00000000 00:00 0 
7fbcc4000000-7fbcc4021000 rw-p 00000000 00:00 0 
7fbcc4021000-7fbcc8000000 ---p 00000000 00:00 0 
7fbcc8000000-7fbcc8021000 rw-p 00000000 00:00 0 
7fbcc8021000-7fbccc000000 ---p 00000000 00:00 0 
7fbccc910000-7fbcccb80000 rwxp 00000000 00:00 0 
7fbcccb80000-7fbccce9f000 ---p 00000000 00:00 0 
7fbccce9f000-7fbccd10f000 rwxp 00000000 00:00 0 
7fbccd10f000-7fbcd43d7000 ---p 00000000 00:00 0 
7fbcd43d7000-7fbcd4647000 rwxp 00000000 00:00 0 
7fbcd4647000-7fbcdb910000 ---p 00000000 00:00 0 
7fbcdb910000-7fbce4000000 r--s 00000000 00:02 27439                      /usr/lib/jvm/java-11-openjdk-amd64/lib/modules
7fbce4000000-7fbce40a8000 rw-p 00000000 00:00 0 
7fbce40a8000-7fbce40ae000 rw-p 00000000 00:00 0 
7fbce40ae000-7fbce8000000 ---p 00000000 00:00 0 
7fbce8b64000-7fbce8b66000 r-xp 00000000 00:31 34079228                   /home/jj17/gdbs.labor/shell_versuch/cTools/libKernelWrapper.so
7fbce8b66000-7fbce8d66000 ---p 00002000 00:31 34079228                   /home/jj17/gdbs.labor/shell_versuch/cTools/libKernelWrapper.so
7fbce8d66000-7fbce8d67000 rw-p 00002000 00:31 34079228                   /home/jj17/gdbs.labor/shell_versuch/cTools/libKernelWrapper.so
7fbce8d67000-7fbce8d6b000 ---p 00000000 00:00 0 
7fbce8d6b000-7fbce8e68000 rw-p 00000000 00:00 0 
7fbce8e68000-7fbce8e69000 ---p 00000000 00:00 0 
7fbce8e69000-7fbce8f6a000 rw-p 00000000 00:00 0 
7fbce8f6a000-7fbce8f6e000 ---p 00000000 00:00 0 
7fbce8f6e000-7fbce906b000 rw-p 00000000 00:00 0 
7fbce906b000-7fbce906f000 ---p 00000000 00:00 0 
7fbce906f000-7fbce916c000 rw-p 00000000 00:00 0 
7fbce916c000-7fbce9170000 ---p 00000000 00:00 0 
7fbce9170000-7fbce926d000 rw-p 00000000 00:00 0 
7fbce926d000-7fbce9271000 ---p 00000000 00:00 0 
7fbce9271000-7fbce936e000 rw-p 00000000 00:00 0 
7fbce936e000-7fbce9372000 ---p 00000000 00:00 0 
7fbce9372000-7fbce946f000 rw-p 00000000 00:00 0 
7fbce946f000-7fbce97a7000 r--p 00000000 00:02 24478                      /usr/lib/locale/locale-archive
7fbce97a7000-7fbce97ab000 ---p 00000000 00:00 0 
7fbce97ab000-7fbce98a8000 rw-p 00000000 00:00 0 
7fbce98a8000-7fbce98ac000 ---p 00000000 00:00 0 
7fbce98ac000-7fbce99a9000 rw-p 00000000 00:00 0 
7fbce99a9000-7fbce99aa000 ---p 00000000 00:00 0 
7fbce99aa000-7fbce9fef000 rw-p 00000000 00:00 0 
7fbce9fef000-7fbcea3af000 ---p 00000000 00:00 0 
7fbcea3af000-7fbcea406000 rw-p 00000000 00:00 0 
7fbcea406000-7fbcea533000 ---p 00000000 00:00 0 
7fbcea533000-7fbcea53e000 rw-p 00000000 00:00 0 
7fbcea53e000-7fbcea5d3000 ---p 00000000 00:00 0 
7fbcea5d3000-7fbcea5e9000 rw-p 00000000 00:00 0 
7fbcea5e9000-7fbcea715000 ---p 00000000 00:00 0 
7fbcea715000-7fbcea71b000 rw-p 00000000 00:00 0 
7fbcea71b000-7fbcea801000 ---p 00000000 00:00 0 
7fbcea801000-7fbcea806000 rw-p 00000000 00:00 0 
7fbcea806000-7fbcea8ec000 ---p 00000000 00:00 0 
7fbcea8ec000-7fbcea8f1000 rw-p 00000000 00:00 0 
7fbcea8f1000-7fbcea8f8000 ---p 00000000 00:00 0 
7fbcea8f8000-7fbcea8fa000 r--p 00000000 00:02 27490                      /usr/lib/jvm/java-11-openjdk-amd64/lib/libjimage.so
7fbcea8fa000-7fbcea8fd000 r-xp 00002000 00:02 27490                      /usr/lib/jvm/java-11-openjdk-amd64/lib/libjimage.so
7fbcea8fd000-7fbcea8ff000 r--p 00005000 00:02 27490                      /usr/lib/jvm/java-11-openjdk-amd64/lib/libjimage.so
7fbcea8ff000-7fbcea900000 r--p 00006000 00:02 27490                      /usr/lib/jvm/java-11-openjdk-amd64/lib/libjimage.so
7fbcea900000-7fbcea901000 rw-p 00007000 00:02 27490                      /usr/lib/jvm/java-11-openjdk-amd64/lib/libjimage.so
7fbcea901000-7fbcea903000 r--p 00000000 00:02 27433                      /usr/lib/jvm/java-11-openjdk-amd64/lib/libzip.so
7fbcea903000-7fbcea907000 r-xp 00002000 00:02 27433                      /usr/lib/jvm/java-11-openjdk-amd64/lib/libzip.so
7fbcea907000-7fbcea909000 r--p 00006000 00:02 27433                      /usr/lib/jvm/java-11-openjdk-amd64/lib/libzip.so
7fbcea909000-7fbcea90a000 r--p 00007000 00:02 27433                      /usr/lib/jvm/java-11-openjdk-amd64/lib/libzip.so
7fbcea90a000-7fbcea90b000 rw-p 00008000 00:02 27433                      /usr/lib/jvm/java-11-openjdk-amd64/lib/libzip.so
7fbcea90b000-7fbcea913000 rw-s 00000000 00:02 1472801                    /tmp/hsperfdata_jj17/31956
7fbcea913000-7fbcea948000 r--s 00000000 00:02 30039                      /var/cache/nscd/passwd
7fbcea948000-7fbcea955000 r--p 00000000 00:02 27460                      /usr/lib/jvm/java-11-openjdk-amd64/lib/libjava.so
7fbcea955000-7fbcea96a000 r-xp 0000d000 00:02 27460                      /usr/lib/jvm/java-11-openjdk-amd64/lib/libjava.so
7fbcea96a000-7fbcea971000 r--p 00022000 00:02 27460                      /usr/lib/jvm/java-11-openjdk-amd64/lib/libjava.so
7fbcea971000-7fbcea972000 r--p 00028000 00:02 27460                      /usr/lib/jvm/java-11-openjdk-amd64/lib/libjava.so
7fbcea972000-7fbcea974000 rw-p 00029000 00:02 27460                      /usr/lib/jvm/java-11-openjdk-amd64/lib/libjava.so
7fbcea974000-7fbcea979000 r--p 00000000 00:02 27440                      /usr/lib/jvm/java-11-openjdk-amd64/lib/libverify.so
7fbcea979000-7fbcea980000 r-xp 00005000 00:02 27440                      /usr/lib/jvm/java-11-openjdk-amd64/lib/libverify.so
7fbcea980000-7fbcea982000 r--p 0000c000 00:02 27440                      /usr/lib/jvm/java-11-openjdk-amd64/lib/libverify.so
7fbcea982000-7fbcea984000 r--p 0000d000 00:02 27440                      /usr/lib/jvm/java-11-openjdk-amd64/lib/libverify.so
7fbcea984000-7fbcea985000 rw-p 0000f000 00:02 27440                      /usr/lib/jvm/java-11-openjdk-amd64/lib/libverify.so
7fbcea985000-7fbcea987000 r--p 00000000 00:02 24871                      /lib/x86_64-linux-gnu/librt-2.28.so
7fbcea987000-7fbcea98b000 r-xp 00002000 00:02 24871                      /lib/x86_64-linux-gnu/librt-2.28.so
7fbcea98b000-7fbcea98d000 r--p 00006000 00:02 24871                      /lib/x86_64-linux-gnu/librt-2.28.so
7fbcea98d000-7fbcea98e000 r--p 00007000 00:02 24871                      /lib/x86_64-linux-gnu/librt-2.28.so
7fbcea98e000-7fbcea98f000 rw-p 00008000 00:02 24871                      /lib/x86_64-linux-gnu/librt-2.28.so
7fbcea98f000-7fbcea993000 ---p 00000000 00:00 0 
7fbcea993000-7fbceaa90000 rw-p 00000000 00:00 0 
7fbceaa90000-7fbceaa93000 r--p 00000000 00:02 24850                      /lib/x86_64-linux-gnu/libgcc_s.so.1
7fbceaa93000-7fbceaaa4000 r-xp 00003000 00:02 24850                      /lib/x86_64-linux-gnu/libgcc_s.so.1
7fbceaaa4000-7fbceaaa7000 r--p 00014000 00:02 24850                      /lib/x86_64-linux-gnu/libgcc_s.so.1
7fbceaaa7000-7fbceaaa8000 ---p 00017000 00:02 24850                      /lib/x86_64-linux-gnu/libgcc_s.so.1
7fbceaaa8000-7fbceaaa9000 r--p 00017000 00:02 24850                      /lib/x86_64-linux-gnu/libgcc_s.so.1
7fbceaaa9000-7fbceaaaa000 rw-p 00018000 00:02 24850                      /lib/x86_64-linux-gnu/libgcc_s.so.1
7fbceaaaa000-7fbceaab7000 r--p 00000000 00:02 24887                      /lib/x86_64-linux-gnu/libm-2.28.so
7fbceaab7000-7fbceab56000 r-xp 0000d000 00:02 24887                      /lib/x86_64-linux-gnu/libm-2.28.so
7fbceab56000-7fbceac2b000 r--p 000ac000 00:02 24887                      /lib/x86_64-linux-gnu/libm-2.28.so
7fbceac2b000-7fbceac2c000 r--p 00180000 00:02 24887                      /lib/x86_64-linux-gnu/libm-2.28.so
7fbceac2c000-7fbceac2d000 rw-p 00181000 00:02 24887                      /lib/x86_64-linux-gnu/libm-2.28.so
7fbceac2d000-7fbceacb6000 r--p 00000000 00:02 22342                      /usr/lib/x86_64-linux-gnu/libstdc++.so.6.0.25
7fbceacb6000-7fbcead62000 r-xp 00089000 00:02 22342                      /usr/lib/x86_64-linux-gnu/libstdc++.so.6.0.25
7fbcead62000-7fbceada0000 r--p 00135000 00:02 22342                      /usr/lib/x86_64-linux-gnu/libstdc++.so.6.0.25
7fbceada0000-7fbceada1000 ---p 00173000 00:02 22342                      /usr/lib/x86_64-linux-gnu/libstdc++.so.6.0.25
7fbceada1000-7fbceadab000 r--p 00173000 00:02 22342                      /usr/lib/x86_64-linux-gnu/libstdc++.so.6.0.25
7fbceadab000-7fbceadad000 rw-p 0017d000 00:02 22342                      /usr/lib/x86_64-linux-gnu/libstdc++.so.6.0.25
7fbceadad000-7fbceadb1000 rw-p 00000000 00:00 0 
7fbceadb1000-7fbceb01e000 r--p 00000000 00:02 27476                      /usr/lib/jvm/java-11-openjdk-amd64/lib/server/libjvm.so
7fbceb01e000-7fbcebb4a000 r-xp 0026d000 00:02 27476                      /usr/lib/jvm/java-11-openjdk-amd64/lib/server/libjvm.so
7fbcebb4a000-7fbcebd82000 r--p 00d99000 00:02 27476                      /usr/lib/jvm/java-11-openjdk-amd64/lib/server/libjvm.so
7fbcebd82000-7fbcebe3f000 r--p 00fd0000 00:02 27476                      /usr/lib/jvm/java-11-openjdk-amd64/lib/server/libjvm.so
7fbcebe3f000-7fbcebe79000 rw-p 0108d000 00:02 27476                      /usr/lib/jvm/java-11-openjdk-amd64/lib/server/libjvm.so
7fbcebe79000-7fbcebed1000 rw-p 00000000 00:00 0 
7fbcebed1000-7fbcebef3000 r--p 00000000 00:02 24889                      /lib/x86_64-linux-gnu/libc-2.28.so
7fbcebef3000-7fbcec03b000 r-xp 00022000 00:02 24889                      /lib/x86_64-linux-gnu/libc-2.28.so
7fbcec03b000-7fbcec087000 r--p 0016a000 00:02 24889                      /lib/x86_64-linux-gnu/libc-2.28.so
7fbcec087000-7fbcec088000 ---p 001b6000 00:02 24889                      /lib/x86_64-linux-gnu/libc-2.28.so
7fbcec088000-7fbcec08c000 r--p 001b6000 00:02 24889                      /lib/x86_64-linux-gnu/libc-2.28.so
7fbcec08c000-7fbcec08e000 rw-p 001ba000 00:02 24889                      /lib/x86_64-linux-gnu/libc-2.28.so
7fbcec08e000-7fbcec092000 rw-p 00000000 00:00 0 
7fbcec092000-7fbcec093000 r--p 00000000 00:02 24888                      /lib/x86_64-linux-gnu/libdl-2.28.so
7fbcec093000-7fbcec094000 r-xp 00001000 00:02 24888                      /lib/x86_64-linux-gnu/libdl-2.28.so
7fbcec094000-7fbcec095000 r--p 00002000 00:02 24888                      /lib/x86_64-linux-gnu/libdl-2.28.so
7fbcec095000-7fbcec096000 r--p 00002000 00:02 24888                      /lib/x86_64-linux-gnu/libdl-2.28.so
7fbcec096000-7fbcec097000 rw-p 00003000 00:02 24888                      /lib/x86_64-linux-gnu/libdl-2.28.so
7fbcec097000-7fbcec09a000 r--p 00000000 00:02 27448                      /usr/lib/jvm/java-11-openjdk-amd64/lib/jli/libjli.so
7fbcec09a000-7fbcec0a4000 r-xp 00003000 00:02 27448                      /usr/lib/jvm/java-11-openjdk-amd64/lib/jli/libjli.so
7fbcec0a4000-7fbcec0a7000 r--p 0000d000 00:02 27448                      /usr/lib/jvm/java-11-openjdk-amd64/lib/jli/libjli.so
7fbcec0a7000-7fbcec0a8000 r--p 0000f000 00:02 27448                      /usr/lib/jvm/java-11-openjdk-amd64/lib/jli/libjli.so
7fbcec0a8000-7fbcec0a9000 rw-p 00010000 00:02 27448                      /usr/lib/jvm/java-11-openjdk-amd64/lib/jli/libjli.so
7fbcec0a9000-7fbcec0af000 r--p 00000000 00:02 24877                      /lib/x86_64-linux-gnu/libpthread-2.28.so
7fbcec0af000-7fbcec0be000 r-xp 00006000 00:02 24877                      /lib/x86_64-linux-gnu/libpthread-2.28.so
7fbcec0be000-7fbcec0c4000 r--p 00015000 00:02 24877                      /lib/x86_64-linux-gnu/libpthread-2.28.so
7fbcec0c4000-7fbcec0c5000 r--p 0001a000 00:02 24877                      /lib/x86_64-linux-gnu/libpthread-2.28.so
7fbcec0c5000-7fbcec0c6000 rw-p 0001b000 00:02 24877                      /lib/x86_64-linux-gnu/libpthread-2.28.so
7fbcec0c6000-7fbcec0ca000 rw-p 00000000 00:00 0 
7fbcec0ca000-7fbcec0e6000 r-xp 00000000 00:02 24856                      /lib/x86_64-linux-gnu/libz.so.1.2.11
7fbcec0e6000-7fbcec2e6000 ---p 0001c000 00:02 24856                      /lib/x86_64-linux-gnu/libz.so.1.2.11
7fbcec2e6000-7fbcec2e7000 r--p 0001c000 00:02 24856                      /lib/x86_64-linux-gnu/libz.so.1.2.11
7fbcec2e7000-7fbcec2e8000 rw-p 0001d000 00:02 24856                      /lib/x86_64-linux-gnu/libz.so.1.2.11
7fbcec2eb000-7fbcec2ec000 ---p 00000000 00:00 0 
7fbcec2ec000-7fbcec2ed000 r--p 00000000 00:00 0 
7fbcec2ed000-7fbcec2ef000 rw-p 00000000 00:00 0 
7fbcec2ef000-7fbcec2f0000 r--p 00000000 00:02 24969                      /lib/x86_64-linux-gnu/ld-2.28.so
7fbcec2f0000-7fbcec30e000 r-xp 00001000 00:02 24969                      /lib/x86_64-linux-gnu/ld-2.28.so
7fbcec30e000-7fbcec316000 r--p 0001f000 00:02 24969                      /lib/x86_64-linux-gnu/ld-2.28.so
7fbcec316000-7fbcec317000 r--p 00026000 00:02 24969                      /lib/x86_64-linux-gnu/ld-2.28.so
7fbcec317000-7fbcec318000 rw-p 00027000 00:02 24969                      /lib/x86_64-linux-gnu/ld-2.28.so
7fbcec318000-7fbcec319000 rw-p 00000000 00:00 0 
7fff51146000-7fff51167000 rw-p 00000000 00:00 0                          [stack]
7fff51184000-7fff51187000 r--p 00000000 00:00 0                          [vvar]
7fff51187000-7fff51188000 r-xp 00000000 00:00 0                          [vdso]
ffffffffff600000-ffffffffff601000 r-xp 00000000 00:00 0                  [vsyscall]


VM Arguments:
java_command: hello
java_class_path (initial): .
Launcher Type: SUN_STANDARD

[Global flags]
     intx CICompilerCount                          = 2                                         {product} {ergonomic}
   size_t InitialHeapSize                          = 65011712                                  {product} {ergonomic}
   size_t MaxHeapSize                              = 1010827264                                {product} {ergonomic}
   size_t MaxNewSize                               = 336920576                                 {product} {ergonomic}
   size_t MinHeapDeltaBytes                        = 196608                                    {product} {ergonomic}
   size_t NewSize                                  = 21626880                                  {product} {ergonomic}
    uintx NonNMethodCodeHeapSize                   = 5825164                                {pd product} {ergonomic}
    uintx NonProfiledCodeHeapSize                  = 122916538                              {pd product} {ergonomic}
   size_t OldSize                                  = 43384832                                  {product} {ergonomic}
    uintx ProfiledCodeHeapSize                     = 122916538                              {pd product} {ergonomic}
    uintx ReservedCodeCacheSize                    = 251658240                              {pd product} {ergonomic}
     bool SegmentedCodeCache                       = true                                      {product} {ergonomic}
     bool UseCompressedClassPointers               = true                                 {lp64_product} {ergonomic}
     bool UseCompressedOops                        = true                                 {lp64_product} {ergonomic}
     bool UseSerialGC                              = true                                      {product} {ergonomic}

Logging:
Log output configuration:
 #0: stdout all=warning uptime,level,tags
 #1: stderr all=off uptime,level,tags

Environment Variables:
PATH=/usr/local/bin:/usr/bin:/bin:/usr/local/games:/usr/games
LD_LIBRARY_PATH=./cTools
SHELL=/bin/bash

Signal Handlers:
SIGSEGV: [libjvm.so+0xd26680], sa_mask[0]=11111111011111111101111111111110, sa_flags=SA_RESTART|SA_SIGINFO
SIGBUS: [libjvm.so+0xd26680], sa_mask[0]=11111111011111111101111111111110, sa_flags=SA_RESTART|SA_SIGINFO
SIGFPE: [libjvm.so+0xd26680], sa_mask[0]=11111111011111111101111111111110, sa_flags=SA_RESTART|SA_SIGINFO
SIGPIPE: [libjvm.so+0xb2c8b0], sa_mask[0]=11111111011111111101111111111110, sa_flags=SA_RESTART|SA_SIGINFO
SIGXFSZ: [libjvm.so+0xb2c8b0], sa_mask[0]=11111111011111111101111111111110, sa_flags=SA_RESTART|SA_SIGINFO
SIGILL: [libjvm.so+0xd26680], sa_mask[0]=11111111011111111101111111111110, sa_flags=SA_RESTART|SA_SIGINFO
SIGUSR2: [libjvm.so+0xb2c740], sa_mask[0]=00000000000000000000000000000000, sa_flags=SA_RESTART|SA_SIGINFO
SIGHUP: [libjvm.so+0xb2cbf0], sa_mask[0]=11111111011111111101111111111110, sa_flags=SA_RESTART|SA_SIGINFO
SIGINT: [libjvm.so+0xb2cbf0], sa_mask[0]=11111111011111111101111111111110, sa_flags=SA_RESTART|SA_SIGINFO
SIGTERM: [libjvm.so+0xb2cbf0], sa_mask[0]=11111111011111111101111111111110, sa_flags=SA_RESTART|SA_SIGINFO
SIGQUIT: [libjvm.so+0xb2cbf0], sa_mask[0]=11111111011111111101111111111110, sa_flags=SA_RESTART|SA_SIGINFO


---------------  S Y S T E M  ---------------

OS:PRETTY_NAME="Debian GNU/Linux 10 (buster)"
NAME="Debian GNU/Linux"
VERSION_ID="10"
VERSION="10 (buster)"
VERSION_CODENAME=buster
ID=debian
HOME_URL="https://www.debian.org/"
SUPPORT_URL="https://www.debian.org/support"
BUG_REPORT_URL="https://bugs.debian.org/"
uname:Linux 5.2.9 #50 SMP Tue Aug 11 15:22:01 CEST 2020 x86_64
libc:glibc 2.28 NPTL 2.28 
rlimit: STACK 8192k, CORE 0k, NPROC 14485, NOFILE 1048576, AS infinity, DATA infinity, FSIZE infinity
load average:0,21 0,06 0,02

/proc/meminfo:
MemTotal:        3941708 kB
MemFree:         2463712 kB
MemAvailable:    2358292 kB
Buffers:               0 kB
Cached:          1281840 kB
SwapCached:            0 kB
Active:           494332 kB
Inactive:         892204 kB
Active(anon):     493076 kB
Inactive(anon):   889980 kB
Active(file):       1256 kB
Inactive(file):     2224 kB
Unevictable:        5120 kB
Mlocked:               0 kB
SwapTotal:             0 kB
SwapFree:              0 kB
Dirty:                 0 kB
Writeback:             4 kB
AnonPages:        109816 kB
Mapped:            65592 kB
Shmem:           1278360 kB
KReclaimable:      22356 kB
Slab:              65312 kB
SReclaimable:      22356 kB
SUnreclaim:        42956 kB
KernelStack:        2144 kB
PageTables:         2224 kB
NFS_Unstable:          0 kB
Bounce:                0 kB
WritebackTmp:          0 kB
CommitLimit:     1970852 kB
Committed_AS:    1937860 kB
VmallocTotal:   34359738367 kB
VmallocUsed:           0 kB
VmallocChunk:          0 kB
Percpu:              508 kB
HardwareCorrupted:     0 kB
AnonHugePages:     47104 kB
ShmemHugePages:        0 kB
ShmemPmdMapped:        0 kB
CmaTotal:              0 kB
CmaFree:               0 kB
HugePages_Total:       0
HugePages_Free:        0
HugePages_Rsvd:        0
HugePages_Surp:        0
Hugepagesize:       2048 kB
Hugetlb:               0 kB
DirectMap4k:       68400 kB
DirectMap2M:     4048896 kB


/proc/sys/kernel/threads-max (system-wide limit on the number of threads):
28970


/proc/sys/vm/max_map_count (maximum number of memory map areas a process may have):
65530


/proc/sys/kernel/pid_max (system-wide limit on number of process identifiers):
32768



container (cgroup) information:
container_type: cgroupv1
cpu_cpuset_cpus: 0
cpu_memory_nodes: 0
active_processor_count: 1
cpu_quota: -1
cpu_period: 100000
cpu_shares: -1
memory_limit_in_bytes: -1
memory_and_swap_limit_in_bytes: -2
memory_soft_limit_in_bytes: -1
memory_usage_in_bytes: 15208448
memory_max_usage_in_bytes: 54779904

Steal ticks since vm start: 0
Steal ticks percentage since vm start:  0,000

CPU:total 1 (initial active 1) (2 cores per cpu, 1 threads per core) family 6 model 15 stepping 11, cmov, cx8, fxsr, mmx, sse, sse2, sse3, ssse3, tsc
CPU Model and flags from /proc/cpuinfo:
model name	: Intel(R) Core(TM)2 Duo CPU     E6550  @ 2.33GHz
flags		: fpu vme de pse tsc msr pae mce cx8 apic sep mtrr pge mca cmov pat pse36 clflush dts acpi mmx fxsr sse sse2 ss ht tm pbe syscall nx lm constant_tsc arch_perfmon pebs bts rep_good nopl cpuid aperfmperf pni dtes64 monitor ds_cpl vmx smx est tm2 ssse3 cx16 xtpr pdcm lahf_lm pti tpr_shadow vnmi flexpriority dtherm

Memory: 4k page, physical 3941708k(2463712k free), swap 0k(0k free)

vm_info: OpenJDK 64-Bit Server VM (11.0.6+10-post-Debian-1deb10u1) for linux-amd64 JRE (11.0.6+10-post-Debian-1deb10u1), built on Jan 17 2020 00:09:03 by "unknown" with gcc 8.3.0

END.
